#
# There is insufficient memory for the Java Runtime Environment to continue.
# Native memory allocation (malloc) failed to allocate 131088 bytes for Chunk::new
# Possible reasons:
#   The system is out of physical RAM or swap space
#   In 32 bit mode, the process size limit was hit
# Possible solutions:
#   Reduce memory load on the system
#   Increase physical memory or swap space
#   Check if swap backing store is full
#   Use 64 bit Java on a 64 bit OS
#   Decrease Java heap size (-Xmx/-Xms)
#   Decrease number of Java threads
#   Decrease Java thread stack sizes (-Xss)
#   Set larger code cache with -XX:ReservedCodeCacheSize=
# This output file may be truncated or incomplete.
#
#  Out of Memory Error (allocation.cpp:390), pid=4608, tid=2632
#
# JRE version: Java(TM) SE Runtime Environment (8.0_20-b26) (build 1.8.0_20-b26)
# Java VM: Java HotSpot(TM) 64-Bit Server VM (25.20-b23 mixed mode windows-amd64 compressed oops)
# Failed to write core dump. Minidumps are not enabled by default on client versions of Windows
#

---------------  T H R E A D  ---------------

Current thread (0x0000000014afb000):  JavaThread "C2 CompilerThread0" daemon [_thread_in_native, id=2632, stack(0x0000000016050000,0x0000000016150000)]

Stack: [0x0000000016050000,0x0000000016150000]
Native frames: (J=compiled Java code, j=interpreted, Vv=VM code, C=native code)
V  [jvm.dll+0x3152fa]


Current CompileTask:
C2:  12322 1228   !   4       com.android.dx.cf.code.BytecodeArray::parseInstruction (2764 bytes)


---------------  P R O C E S S  ---------------

Java Threads: ( => current thread )
  0x0000000014b53000 JavaThread "Service Thread" daemon [_thread_blocked, id=1084, stack(0x0000000016350000,0x0000000016450000)]
  0x0000000014b4f000 JavaThread "C1 CompilerThread2" daemon [_thread_blocked, id=4284, stack(0x0000000016250000,0x0000000016350000)]
  0x0000000014afe800 JavaThread "C2 CompilerThread1" daemon [_thread_in_native, id=64, stack(0x0000000016150000,0x0000000016250000)]
=>0x0000000014afb000 JavaThread "C2 CompilerThread0" daemon [_thread_in_native, id=2632, stack(0x0000000016050000,0x0000000016150000)]
  0x0000000014afa000 JavaThread "Attach Listener" daemon [_thread_blocked, id=2268, stack(0x0000000015f50000,0x0000000016050000)]
  0x0000000014af9000 JavaThread "Signal Dispatcher" daemon [_thread_blocked, id=4220, stack(0x0000000015e50000,0x0000000015f50000)]
  0x000000000241e800 JavaThread "Finalizer" daemon [_thread_blocked, id=1016, stack(0x0000000015d50000,0x0000000015e50000)]
  0x000000000241a000 JavaThread "Reference Handler" daemon [_thread_blocked, id=4604, stack(0x0000000015c50000,0x0000000015d50000)]
  0x0000000002330800 JavaThread "main" [_thread_blocked, id=1700, stack(0x0000000001f50000,0x0000000002050000)]

Other Threads:
  0x0000000014ac5000 VMThread [stack: 0x0000000015b50000,0x0000000015c50000] [id=5076]
  0x0000000014b55800 WatcherThread [stack: 0x0000000016450000,0x0000000016550000] [id=3268]

VM state:at safepoint (normal execution)

VM Mutex/Monitor currently owned by a thread:  ([mutex/lock_event])
[0x0000000001ebb730] OopMapCacheAlloc_lock - owner thread: 0x0000000002346800
[0x0000000001ebc200] Threads_lock - owner thread: 0x0000000014ac5000
[0x0000000001ebbd00] Heap_lock - owner thread: 0x0000000002330800

Heap:
 PSYoungGen      total 18432K, used 18423K [0x00000000eab00000, 0x00000000ebf80000, 0x0000000100000000)
  eden space 15872K, 100% used [0x00000000eab00000,0x00000000eba80000,0x00000000eba80000)
  from space 2560K, 99% used [0x00000000eba80000,0x00000000ebcfdc78,0x00000000ebd00000)
  to   space 2560K, 98% used [0x00000000ebd00000,0x00000000ebf78028,0x00000000ebf80000)
 ParOldGen       total 42496K, used 3308K [0x00000000c0000000, 0x00000000c2980000, 0x00000000eab00000)
  object space 42496K, 7% used [0x00000000c0000000,0x00000000c033b340,0x00000000c2980000)
 Metaspace       used 5688K, capacity 6960K, committed 7040K, reserved 1056768K
  class space    used 555K, capacity 616K, committed 640K, reserved 1048576K

Card table byte_map: [0x00000000117f0000,0x0000000011a00000] byte_map_base: 0x00000000111f0000

Marking Bits: (ParMarkBitMap*) 0x000000006f55b460
 Begin Bits: [0x0000000011f60000, 0x0000000012f60000)
 End Bits:   [0x0000000012f60000, 0x0000000013f60000)

Polling page: 0x0000000000640000

CodeCache: size=245760Kb used=5097Kb max_used=5097Kb free=240662Kb
 bounds [0x0000000002430000, 0x0000000002930000, 0x0000000011430000]
 total_blobs=1545 nmethods=1285 adapters=174
 compilation: disabled (not enough contiguous free space left)

Compilation events (10 events):
Event: 11.798 Thread 0x0000000014afb000 1221       4       com.android.dx.ssa.SsaBasicBlock::forEachPhiInsn (54 bytes)
Event: 11.807 Thread 0x0000000014afb000 nmethod 1221 0x00000000028f8d50 code [0x00000000028f8ec0, 0x00000000028f92c8]
Event: 12.034 Thread 0x0000000014afe800 nmethod 1211 0x0000000002900a90 code [0x0000000002900fe0, 0x0000000002903f38]
Event: 12.104 Thread 0x0000000014afb000 1225       4       com.android.dx.ssa.SsaMethod$2::visitNonMoveInsn (6 bytes)
Event: 12.104 Thread 0x0000000014afb000 nmethod 1225 0x00000000028f8ad0 code [0x00000000028f8c20, 0x00000000028f8ca8]
Event: 12.109 Thread 0x0000000014afe800 1226       4       java.util.Collections$UnmodifiableCollection::iterator (9 bytes)
Event: 12.111 Thread 0x0000000014afb000 1227       4       com.android.dx.rop.cst.CstString::compareTo0 (15 bytes)
Event: 12.112 Thread 0x0000000014afb000 nmethod 1227 0x00000000028fa590 code [0x00000000028fa6e0, 0x00000000028fa858]
Event: 12.116 Thread 0x0000000014afe800 nmethod 1226 0x0000000002900390 code [0x0000000002900500, 0x00000000029007b8]
Event: 12.128 Thread 0x0000000014afb000 1228   !   4       com.android.dx.cf.code.BytecodeArray::parseInstruction (2764 bytes)

GC Heap History (2 events):
Event: 9.897 GC heap before
{Heap before GC invocations=1 (full 0):
 PSYoungGen      total 18432K, used 15872K [0x00000000eab00000, 0x00000000ebf80000, 0x0000000100000000)
  eden space 15872K, 100% used [0x00000000eab00000,0x00000000eba80000,0x00000000eba80000)
  from space 2560K, 0% used [0x00000000ebd00000,0x00000000ebd00000,0x00000000ebf80000)
  to   space 2560K, 0% used [0x00000000eba80000,0x00000000eba80000,0x00000000ebd00000)
 ParOldGen       total 42496K, used 0K [0x00000000c0000000, 0x00000000c2980000, 0x00000000eab00000)
  object space 42496K, 0% used [0x00000000c0000000,0x00000000c0000000,0x00000000c2980000)
 Metaspace       used 5527K, capacity 6832K, committed 7040K, reserved 1056768K
  class space    used 554K, capacity 616K, committed 640K, reserved 1048576K
Event: 9.970 GC heap after
Heap after GC invocations=1 (full 0):
 PSYoungGen      total 18432K, used 2551K [0x00000000eab00000, 0x00000000ebf80000, 0x0000000100000000)
  eden space 15872K, 0% used [0x00000000eab00000,0x00000000eab00000,0x00000000eba80000)
  from space 2560K, 99% used [0x00000000eba80000,0x00000000ebcfdc78,0x00000000ebd00000)
  to   space 2560K, 0% used [0x00000000ebd00000,0x00000000ebd00000,0x00000000ebf80000)
 ParOldGen       total 42496K, used 1572K [0x00000000c0000000, 0x00000000c2980000, 0x00000000eab00000)
  object space 42496K, 3% used [0x00000000c0000000,0x00000000c0189340,0x00000000c2980000)
 Metaspace       used 5527K, capacity 6832K, committed 7040K, reserved 1056768K
  class space    used 554K, capacity 616K, committed 640K, reserved 1048576K
}

Deoptimization events (6 events):
Event: 7.133 Thread 0x0000000002330800 Uncommon trap: reason=class_check action=maybe_recompile pc=0x0000000002758dcc method=com.android.dx.ssa.NormalSsaInsn.accept(Lcom/android/dx/ssa/SsaInsn$Visitor;)V @ 9
Event: 7.133 Thread 0x0000000002330800 Uncommon trap: reason=class_check action=maybe_recompile pc=0x0000000002758dcc method=com.android.dx.ssa.NormalSsaInsn.accept(Lcom/android/dx/ssa/SsaInsn$Visitor;)V @ 9
Event: 7.133 Thread 0x0000000002330800 Uncommon trap: reason=class_check action=maybe_recompile pc=0x0000000002758dcc method=com.android.dx.ssa.NormalSsaInsn.accept(Lcom/android/dx/ssa/SsaInsn$Visitor;)V @ 9
Event: 7.134 Thread 0x0000000002330800 Uncommon trap: reason=class_check action=maybe_recompile pc=0x0000000002758dcc method=com.android.dx.ssa.NormalSsaInsn.accept(Lcom/android/dx/ssa/SsaInsn$Visitor;)V @ 9
Event: 7.134 Thread 0x0000000002330800 Uncommon trap: reason=class_check action=maybe_recompile pc=0x00000000026a8cb0 method=com.android.dx.ssa.NormalSsaInsn.accept(Lcom/android/dx/ssa/SsaInsn$Visitor;)V @ 9
Event: 8.858 Thread 0x0000000002330800 Uncommon trap: reason=bimorphic action=maybe_recompile pc=0x00000000026ebfc0 method=java.util.HashMap.getNode(ILjava/lang/Object;)Ljava/util/HashMap$Node; @ 126

Internal exceptions (10 events):
Event: 6.701 Thread 0x0000000002330800 Exception <a 'java/security/PrivilegedActionException'> (0x00000000eb49e5b0) thrown at [D:\re\workspace\8-2-build-windows-amd64-cygwin\jdk8u20\1074\hotspot\src\share\vm\prims\jvm.cpp, line 1275]
Event: 7.148 Thread 0x0000000002330800 Exception <a 'java/security/PrivilegedActionException'> (0x00000000eb55f658) thrown at [D:\re\workspace\8-2-build-windows-amd64-cygwin\jdk8u20\1074\hotspot\src\share\vm\prims\jvm.cpp, line 1275]
Event: 7.149 Thread 0x0000000002330800 Exception <a 'java/security/PrivilegedActionException'> (0x00000000eb5632d8) thrown at [D:\re\workspace\8-2-build-windows-amd64-cygwin\jdk8u20\1074\hotspot\src\share\vm\prims\jvm.cpp, line 1275]
Event: 7.154 Thread 0x0000000002330800 Exception <a 'java/security/PrivilegedActionException'> (0x00000000eb569a30) thrown at [D:\re\workspace\8-2-build-windows-amd64-cygwin\jdk8u20\1074\hotspot\src\share\vm\prims\jvm.cpp, line 1275]
Event: 7.951 Thread 0x0000000002330800 Exception <a 'java/security/PrivilegedActionException'> (0x00000000eb68d898) thrown at [D:\re\workspace\8-2-build-windows-amd64-cygwin\jdk8u20\1074\hotspot\src\share\vm\prims\jvm.cpp, line 1275]
Event: 7.952 Thread 0x0000000002330800 Exception <a 'java/security/PrivilegedActionException'> (0x00000000eb6900a8) thrown at [D:\re\workspace\8-2-build-windows-amd64-cygwin\jdk8u20\1074\hotspot\src\share\vm\prims\jvm.cpp, line 1275]
Event: 7.953 Thread 0x0000000002330800 Exception <a 'java/security/PrivilegedActionException'> (0x00000000eb6943c0) thrown at [D:\re\workspace\8-2-build-windows-amd64-cygwin\jdk8u20\1074\hotspot\src\share\vm\prims\jvm.cpp, line 1275]
Event: 7.954 Thread 0x0000000002330800 Exception <a 'java/security/PrivilegedActionException'> (0x00000000eb699e68) thrown at [D:\re\workspace\8-2-build-windows-amd64-cygwin\jdk8u20\1074\hotspot\src\share\vm\prims\jvm.cpp, line 1275]
Event: 7.955 Thread 0x0000000002330800 Exception <a 'java/security/PrivilegedActionException'> (0x00000000eb69f6b8) thrown at [D:\re\workspace\8-2-build-windows-amd64-cygwin\jdk8u20\1074\hotspot\src\share\vm\prims\jvm.cpp, line 1275]
Event: 11.274 Thread 0x0000000002330800 Exception <a 'java/security/PrivilegedActionException'> (0x00000000eaddd8c0) thrown at [D:\re\workspace\8-2-build-windows-amd64-cygwin\jdk8u20\1074\hotspot\src\share\vm\prims\jvm.cpp, line 1275]

Events (10 events):
Event: 8.858 Thread 0x0000000002330800 DEOPT PACKING pc=0x00000000026ebfc0 sp=0x000000000204e890
Event: 8.858 Thread 0x0000000002330800 DEOPT UNPACKING pc=0x000000000247556a sp=0x000000000204e7b8 mode 2
Event: 9.752 loading class java/util/DualPivotQuicksort
Event: 9.752 loading class java/util/DualPivotQuicksort done
Event: 9.897 Executing VM operation: ParallelGCFailedAllocation
Event: 9.970 Executing VM operation: ParallelGCFailedAllocation done
Event: 9.989 loading class sun/misc/Cleaner
Event: 9.989 loading class sun/misc/Cleaner done
Event: 11.274 loading class com/android/dx/cf/attrib/AttLocalVariableTypeTable
Event: 11.274 loading class com/android/dx/cf/attrib/AttLocalVariableTypeTable done


Dynamic libraries:
0x000007f688310000 - 0x000007f688344000 	C:\Program Files\Java\jdk1.8.0_20\bin\java.exe
0x000007fbe7f60000 - 0x000007fbe811d000 	C:\Windows\SYSTEM32\ntdll.dll
0x000007fbe5830000 - 0x000007fbe5967000 	C:\Windows\system32\KERNEL32.DLL
0x000007fbe51e0000 - 0x000007fbe52d4000 	C:\Windows\system32\KERNELBASE.dll
0x000007fbe5750000 - 0x000007fbe582e000 	C:\Windows\system32\ADVAPI32.dll
0x000007fbe5a80000 - 0x000007fbe5bcc000 	C:\Windows\system32\USER32.dll
0x000007fbe2b50000 - 0x000007fbe2dba000 	C:\Windows\WinSxS\amd64_microsoft.windows.common-controls_6595b64144ccf1df_6.0.9200.17359_none_4188b989718cf1c6\COMCTL32.dll
0x000007fbe59d0000 - 0x000007fbe5a75000 	C:\Windows\system32\msvcrt.dll
0x000007fbe7af0000 - 0x000007fbe7b38000 	C:\Windows\SYSTEM32\sechost.dll
0x000007fbe5330000 - 0x000007fbe5475000 	C:\Windows\system32\RPCRT4.dll
0x000007fbe5480000 - 0x000007fbe55c1000 	C:\Windows\system32\GDI32.dll
0x000007fbe5bd0000 - 0x000007fbe5c09000 	C:\Windows\system32\IMM32.DLL
0x000007fbe79c0000 - 0x000007fbe7ad5000 	C:\Windows\system32\MSCTF.dll
0x000000006e820000 - 0x000000006e8f2000 	C:\Program Files\Java\jdk1.8.0_20\jre\bin\msvcr100.dll
0x000000006ed80000 - 0x000000006f5d8000 	C:\Program Files\Java\jdk1.8.0_20\jre\bin\server\jvm.dll
0x000007fbd4fa0000 - 0x000007fbd4fa9000 	C:\Windows\SYSTEM32\WSOCK32.dll
0x000007fbdd360000 - 0x000007fbdd380000 	C:\Windows\SYSTEM32\WINMM.dll
0x000007fbe7ae0000 - 0x000007fbe7ae7000 	C:\Windows\system32\PSAPI.DLL
0x000007fbe6670000 - 0x000007fbe66c8000 	C:\Windows\system32\WS2_32.dll
0x000007fbdd320000 - 0x000007fbdd353000 	C:\Windows\SYSTEM32\WINMMBASE.dll
0x000007fbe6200000 - 0x000007fbe6209000 	C:\Windows\system32\NSI.dll
0x000007fbe4f00000 - 0x000007fbe4f4f000 	C:\Windows\SYSTEM32\cfgmgr32.dll
0x000007fbe5300000 - 0x000007fbe5322000 	C:\Windows\system32\DEVOBJ.dll
0x000000006ec90000 - 0x000000006ec9f000 	C:\Program Files\Java\jdk1.8.0_20\jre\bin\verify.dll
0x000000006ec60000 - 0x000000006ec88000 	C:\Program Files\Java\jdk1.8.0_20\jre\bin\java.dll
0x000000006ec40000 - 0x000000006ec56000 	C:\Program Files\Java\jdk1.8.0_20\jre\bin\zip.dll
0x000007fbe66d0000 - 0x000007fbe79b5000 	C:\Windows\system32\SHELL32.dll
0x000007fbe7b50000 - 0x000007fbe7d00000 	C:\Windows\SYSTEM32\combase.dll
0x000007fbe63f0000 - 0x000007fbe6440000 	C:\Windows\system32\SHLWAPI.dll
0x000007fbe3530000 - 0x000007fbe35c6000 	C:\Windows\SYSTEM32\SHCORE.dll
0x000007fbe4e80000 - 0x000007fbe4e95000 	C:\Windows\system32\profapi.dll

VM Arguments:
jvm_args: -Xmx1024M -Dfile.encoding=windows-1252 -Duser.country=GB -Duser.language=en -Duser.variant 
java_command: com.android.dx.command.Main --dex --output C:\healthok\app\healthok\app\build\intermediates\pre-dexed\debug\classes-bf9b9d0ac1eb2b94843f8849840912e952a6d0dd.jar C:\healthok\app\healthok\app\build\intermediates\exploded-aar\com.beardedhen\androidbootstrap\2.1.0\jars\classes.jar
java_class_path (initial): C:\Users\Raghuveer\AppData\Local\Android\sdk\build-tools\22.0.1\lib\dx.jar
Launcher Type: SUN_STANDARD

Environment Variables:
PATH=C:\ProgramData\Oracle\Java\javapath;C:\Windows\system32;C:\Windows;C:\Windows\System32\Wbem;C:\Windows\System32\WindowsPowerShell\v1.0\;C:\Program Files (x86)\Common Files\lenovo\easyplussdk\bin;C:\Program Files (x86)\GtkSharp\2.12\bin
USERNAME=Raghuveer
OS=Windows_NT
PROCESSOR_IDENTIFIER=Intel64 Family 6 Model 37 Stepping 5, GenuineIntel



---------------  S Y S T E M  ---------------

OS: Windows 8 , 64 bit Build 9200 

CPU:total 4 (2 cores per cpu, 2 threads per core) family 6 model 37 stepping 5, cmov, cx8, fxsr, mmx, sse, sse2, sse3, ssse3, sse4.1, sse4.2, popcnt, ht, tsc, tscinvbit

Memory: 4k page, physical 3987304k(754896k free), swap 3987304k(4788k free)

vm_info: Java HotSpot(TM) 64-Bit Server VM (25.20-b23) for windows-amd64 JRE (1.8.0_20-b26), built on Jul 30 2014 13:51:23 by "java_re" with MS VC++ 10.0 (VS2010)

time: Sat Mar 05 16:36:31 2016
elapsed time: 12 seconds (0d 0h 0m 12s)

