#
# There is insufficient memory for the Java Runtime Environment to continue.
# Native memory allocation (malloc) failed to allocate 664976 bytes for Chunk::new
# Possible reasons:
#   The system is out of physical RAM or swap space
#   In 32 bit mode, the process size limit was hit
# Possible solutions:
#   Reduce memory load on the system
#   Increase physical memory or swap space
#   Check if swap backing store is full
#   Use 64 bit Java on a 64 bit OS
#   Decrease Java heap size (-Xmx/-Xms)
#   Decrease number of Java threads
#   Decrease Java thread stack sizes (-Xss)
#   Set larger code cache with -XX:ReservedCodeCacheSize=
# This output file may be truncated or incomplete.
#
#  Out of Memory Error (allocation.cpp:390), pid=3852, tid=4384
#
# JRE version: Java(TM) SE Runtime Environment (8.0_20-b26) (build 1.8.0_20-b26)
# Java VM: Java HotSpot(TM) 64-Bit Server VM (25.20-b23 mixed mode windows-amd64 compressed oops)
# Failed to write core dump. Minidumps are not enabled by default on client versions of Windows
#

---------------  T H R E A D  ---------------

Current thread (0x0000000014d8b000):  JavaThread "C2 CompilerThread0" daemon [_thread_in_native, id=4384, stack(0x00000000162f0000,0x00000000163f0000)]

Stack: [0x00000000162f0000,0x00000000163f0000]
Native frames: (J=compiled Java code, j=interpreted, Vv=VM code, C=native code)
V  [jvm.dll+0x3152fa]


Current CompileTask:
C2:   4027 1184       4       com.android.dx.ssa.SCCP::simulateStmt (481 bytes)


---------------  P R O C E S S  ---------------

Java Threads: ( => current thread )
  0x00000000165f8800 JavaThread "Service Thread" daemon [_thread_blocked, id=3916, stack(0x00000000169f0000,0x0000000016af0000)]
  0x0000000014d95000 JavaThread "C1 CompilerThread2" daemon [_thread_in_vm, id=2496, stack(0x00000000164f0000,0x00000000165f0000)]
  0x0000000014d8e800 JavaThread "C2 CompilerThread1" daemon [_thread_in_native, id=4156, stack(0x00000000163f0000,0x00000000164f0000)]
=>0x0000000014d8b000 JavaThread "C2 CompilerThread0" daemon [_thread_in_native, id=4384, stack(0x00000000162f0000,0x00000000163f0000)]
  0x0000000014d8a000 JavaThread "Attach Listener" daemon [_thread_blocked, id=1452, stack(0x00000000161f0000,0x00000000162f0000)]
  0x0000000014d88800 JavaThread "Signal Dispatcher" daemon [_thread_blocked, id=4756, stack(0x00000000160f0000,0x00000000161f0000)]
  0x000000000268e800 JavaThread "Finalizer" daemon [_thread_blocked, id=3612, stack(0x0000000015fe0000,0x00000000160e0000)]
  0x000000000268a000 JavaThread "Reference Handler" daemon [_thread_blocked, id=4008, stack(0x0000000015ee0000,0x0000000015fe0000)]
  0x00000000025a0800 JavaThread "main" [_thread_in_vm, id=4404, stack(0x0000000002190000,0x0000000002290000)]

Other Threads:
  0x0000000014d55000 VMThread [stack: 0x0000000015de0000,0x0000000015ee0000] [id=4688]
  0x00000000165fd800 WatcherThread [stack: 0x0000000016af0000,0x0000000016bf0000] [id=3700]

VM state:not at safepoint (normal execution)

VM Mutex/Monitor currently owned by a thread: None

Heap:
 PSYoungGen      total 18432K, used 8315K [0x00000000eab00000, 0x00000000ebf80000, 0x0000000100000000)
  eden space 15872K, 36% used [0x00000000eab00000,0x00000000eb0a0430,0x00000000eba80000)
  from space 2560K, 99% used [0x00000000eba80000,0x00000000ebcfeab8,0x00000000ebd00000)
  to   space 2560K, 0% used [0x00000000ebd00000,0x00000000ebd00000,0x00000000ebf80000)
 ParOldGen       total 42496K, used 1570K [0x00000000c0000000, 0x00000000c2980000, 0x00000000eab00000)
  object space 42496K, 3% used [0x00000000c0000000,0x00000000c0188bf8,0x00000000c2980000)
 Metaspace       used 5587K, capacity 6896K, committed 7040K, reserved 1056768K
  class space    used 551K, capacity 616K, committed 640K, reserved 1048576K

Card table byte_map: [0x0000000011a60000,0x0000000011c70000] byte_map_base: 0x0000000011460000

Marking Bits: (ParMarkBitMap*) 0x000000006f55b460
 Begin Bits: [0x00000000121d0000, 0x00000000131d0000)
 End Bits:   [0x00000000131d0000, 0x00000000141d0000)

Polling page: 0x0000000002290000

CodeCache: size=245760Kb used=4797Kb max_used=4804Kb free=240962Kb
 bounds [0x00000000026a0000, 0x0000000002b60000, 0x00000000116a0000]
 total_blobs=1450 nmethods=1191 adapters=174
 compilation: enabled

Compilation events (10 events):
Event: 4.011 Thread 0x0000000014d95000 1189       3       com.android.dx.rop.code.Rops::opConst (85 bytes)
Event: 4.012 Thread 0x0000000014d95000 nmethod 1189 0x0000000002b51110 code [0x0000000002b51340, 0x0000000002b52028]
Event: 4.014 Thread 0x0000000014d8e800 nmethod 1185 0x0000000002b4dd90 code [0x0000000002b4df00, 0x0000000002b4e1b8]
Event: 4.014 Thread 0x0000000014d8e800 1190       4       java.util.HashMap::putVal (300 bytes)
Event: 4.015 Thread 0x0000000014d95000 1192       3       com.android.dx.rop.cst.CstType::equals (29 bytes)
Event: 4.015 Thread 0x0000000014d95000 nmethod 1192 0x0000000002b54e10 code [0x0000000002b54f80, 0x0000000002b55370]
Event: 4.016 Thread 0x0000000014d95000 1193       3       com.android.dx.cf.code.LocalVariableList$Item::matchesAllButType (53 bytes)
Event: 4.017 Thread 0x0000000014d95000 nmethod 1193 0x0000000002b54590 code [0x0000000002b54720, 0x0000000002b54c88]
Event: 4.020 Thread 0x0000000014d95000 1195       3       com.android.dx.rop.cst.TypedConstant::getBasicFrameType (8 bytes)
Event: 4.020 Thread 0x0000000014d95000 nmethod 1195 0x0000000002b54050 code [0x0000000002b541c0, 0x0000000002b54498]

GC Heap History (2 events):
Event: 3.224 GC heap before
{Heap before GC invocations=1 (full 0):
 PSYoungGen      total 18432K, used 15872K [0x00000000eab00000, 0x00000000ebf80000, 0x0000000100000000)
  eden space 15872K, 100% used [0x00000000eab00000,0x00000000eba80000,0x00000000eba80000)
  from space 2560K, 0% used [0x00000000ebd00000,0x00000000ebd00000,0x00000000ebf80000)
  to   space 2560K, 0% used [0x00000000eba80000,0x00000000eba80000,0x00000000ebd00000)
 ParOldGen       total 42496K, used 0K [0x00000000c0000000, 0x00000000c2980000, 0x00000000eab00000)
  object space 42496K, 0% used [0x00000000c0000000,0x00000000c0000000,0x00000000c2980000)
 Metaspace       used 5460K, capacity 6768K, committed 7040K, reserved 1056768K
  class space    used 551K, capacity 616K, committed 640K, reserved 1048576K
Event: 3.257 GC heap after
Heap after GC invocations=1 (full 0):
 PSYoungGen      total 18432K, used 2554K [0x00000000eab00000, 0x00000000ebf80000, 0x0000000100000000)
  eden space 15872K, 0% used [0x00000000eab00000,0x00000000eab00000,0x00000000eba80000)
  from space 2560K, 99% used [0x00000000eba80000,0x00000000ebcfeab8,0x00000000ebd00000)
  to   space 2560K, 0% used [0x00000000ebd00000,0x00000000ebd00000,0x00000000ebf80000)
 ParOldGen       total 42496K, used 1570K [0x00000000c0000000, 0x00000000c2980000, 0x00000000eab00000)
  object space 42496K, 3% used [0x00000000c0000000,0x00000000c0188bf8,0x00000000c2980000)
 Metaspace       used 5460K, capacity 6768K, committed 7040K, reserved 1056768K
  class space    used 551K, capacity 616K, committed 640K, reserved 1048576K
}

Deoptimization events (10 events):
Event: 2.736 Thread 0x00000000025a0800 Uncommon trap: reason=bimorphic action=maybe_recompile pc=0x00000000029c7ee0 method=com.android.dx.rop.code.RegisterSpec.equals(ILcom/android/dx/rop/type/TypeBearer;Lcom/android/dx/rop/code/LocalItem;)Z @ 13
Event: 2.736 Thread 0x00000000025a0800 Uncommon trap: reason=bimorphic action=maybe_recompile pc=0x00000000029da314 method=com.android.dx.rop.code.RegisterSpec.hashCodeOf(ILcom/android/dx/rop/type/TypeBearer;Lcom/android/dx/rop/code/LocalItem;)I @ 18
Event: 2.736 Thread 0x00000000025a0800 Uncommon trap: reason=bimorphic action=maybe_recompile pc=0x00000000029c7ee0 method=com.android.dx.rop.code.RegisterSpec.equals(ILcom/android/dx/rop/type/TypeBearer;Lcom/android/dx/rop/code/LocalItem;)Z @ 13
Event: 2.736 Thread 0x00000000025a0800 Uncommon trap: reason=bimorphic action=maybe_recompile pc=0x00000000029c7ee0 method=com.android.dx.rop.code.RegisterSpec.equals(ILcom/android/dx/rop/type/TypeBearer;Lcom/android/dx/rop/code/LocalItem;)Z @ 13
Event: 2.744 Thread 0x00000000025a0800 Uncommon trap: reason=bimorphic action=maybe_recompile pc=0x00000000029c7ee0 method=com.android.dx.rop.code.RegisterSpec.equals(ILcom/android/dx/rop/type/TypeBearer;Lcom/android/dx/rop/code/LocalItem;)Z @ 13
Event: 2.776 Thread 0x00000000025a0800 Uncommon trap: reason=bimorphic action=maybe_recompile pc=0x00000000028b7cf4 method=com.android.dx.rop.code.RegisterSpec.equals(ILcom/android/dx/rop/type/TypeBearer;Lcom/android/dx/rop/code/LocalItem;)Z @ 13
Event: 3.118 Thread 0x00000000025a0800 Uncommon trap: reason=class_check action=maybe_recompile pc=0x000000000295be8c method=com.android.dx.ssa.NormalSsaInsn.accept(Lcom/android/dx/ssa/SsaInsn$Visitor;)V @ 9
Event: 3.118 Thread 0x00000000025a0800 Uncommon trap: reason=class_check action=maybe_recompile pc=0x00000000028f8970 method=com.android.dx.ssa.NormalSsaInsn.accept(Lcom/android/dx/ssa/SsaInsn$Visitor;)V @ 9
Event: 3.118 Thread 0x00000000025a0800 Uncommon trap: reason=class_check action=maybe_recompile pc=0x00000000028f8970 method=com.android.dx.ssa.NormalSsaInsn.accept(Lcom/android/dx/ssa/SsaInsn$Visitor;)V @ 9
Event: 3.121 Thread 0x00000000025a0800 Uncommon trap: reason=class_check action=maybe_recompile pc=0x000000000295be8c method=com.android.dx.ssa.NormalSsaInsn.accept(Lcom/android/dx/ssa/SsaInsn$Visitor;)V @ 9

Internal exceptions (10 events):
Event: 1.227 Thread 0x00000000025a0800 Exception <a 'java/security/PrivilegedActionException'> (0x00000000eb2b40d8) thrown at [D:\re\workspace\8-2-build-windows-amd64-cygwin\jdk8u20\1074\hotspot\src\share\vm\prims\jvm.cpp, line 1275]
Event: 1.233 Thread 0x00000000025a0800 Exception <a 'java/security/PrivilegedActionException'> (0x00000000eb2c2610) thrown at [D:\re\workspace\8-2-build-windows-amd64-cygwin\jdk8u20\1074\hotspot\src\share\vm\prims\jvm.cpp, line 1275]
Event: 1.252 Thread 0x00000000025a0800 Exception <a 'java/security/PrivilegedActionException'> (0x00000000eb2c9e20) thrown at [D:\re\workspace\8-2-build-windows-amd64-cygwin\jdk8u20\1074\hotspot\src\share\vm\prims\jvm.cpp, line 1275]
Event: 1.349 Thread 0x00000000025a0800 Exception <a 'java/security/PrivilegedActionException'> (0x00000000eb308848) thrown at [D:\re\workspace\8-2-build-windows-amd64-cygwin\jdk8u20\1074\hotspot\src\share\vm\prims\jvm.cpp, line 1275]
Event: 1.897 Thread 0x00000000025a0800 Exception <a 'java/security/PrivilegedActionException'> (0x00000000eb4a9a20) thrown at [D:\re\workspace\8-2-build-windows-amd64-cygwin\jdk8u20\1074\hotspot\src\share\vm\prims\jvm.cpp, line 1275]
Event: 2.937 Thread 0x00000000025a0800 Exception <a 'java/security/PrivilegedActionException'> (0x00000000eb75e360) thrown at [D:\re\workspace\8-2-build-windows-amd64-cygwin\jdk8u20\1074\hotspot\src\share\vm\prims\jvm.cpp, line 1275]
Event: 3.139 Thread 0x00000000025a0800 Exception <a 'java/security/PrivilegedActionException'> (0x00000000eb92d6f0) thrown at [D:\re\workspace\8-2-build-windows-amd64-cygwin\jdk8u20\1074\hotspot\src\share\vm\prims\jvm.cpp, line 1275]
Event: 3.139 Thread 0x00000000025a0800 Exception <a 'java/security/PrivilegedActionException'> (0x00000000eb92fa60) thrown at [D:\re\workspace\8-2-build-windows-amd64-cygwin\jdk8u20\1074\hotspot\src\share\vm\prims\jvm.cpp, line 1275]
Event: 3.141 Thread 0x00000000025a0800 Exception <a 'java/security/PrivilegedActionException'> (0x00000000eb939bb0) thrown at [D:\re\workspace\8-2-build-windows-amd64-cygwin\jdk8u20\1074\hotspot\src\share\vm\prims\jvm.cpp, line 1275]
Event: 3.141 Thread 0x00000000025a0800 Exception <a 'java/security/PrivilegedActionException'> (0x00000000eb93c168) thrown at [D:\re\workspace\8-2-build-windows-amd64-cygwin\jdk8u20\1074\hotspot\src\share\vm\prims\jvm.cpp, line 1275]

Events (10 events):
Event: 3.139 loading class com/android/dx/cf/direct/AnnotationParser
Event: 3.139 loading class com/android/dx/cf/direct/AnnotationParser done
Event: 3.141 loading class com/android/dx/cf/attrib/AttRuntimeVisibleAnnotations
Event: 3.141 loading class com/android/dx/cf/attrib/AttRuntimeVisibleAnnotations done
Event: 3.141 loading class com/android/dx/cf/attrib/BaseAnnotations
Event: 3.141 loading class com/android/dx/cf/attrib/BaseAnnotations done
Event: 3.224 Executing VM operation: ParallelGCFailedAllocation
Event: 3.257 Executing VM operation: ParallelGCFailedAllocation done
Event: 3.257 loading class sun/misc/Cleaner
Event: 3.257 loading class sun/misc/Cleaner done


Dynamic libraries:
0x000007f688310000 - 0x000007f688344000 	C:\Program Files\Java\jdk1.8.0_20\bin\java.exe
0x000007fbe7f60000 - 0x000007fbe811d000 	C:\Windows\SYSTEM32\ntdll.dll
0x000007fbe5830000 - 0x000007fbe5967000 	C:\Windows\system32\KERNEL32.DLL
0x000007fbe51e0000 - 0x000007fbe52d4000 	C:\Windows\system32\KERNELBASE.dll
0x000007fbe5750000 - 0x000007fbe582e000 	C:\Windows\system32\ADVAPI32.dll
0x000007fbe5a80000 - 0x000007fbe5bcc000 	C:\Windows\system32\USER32.dll
0x000007fbe2b50000 - 0x000007fbe2dba000 	C:\Windows\WinSxS\amd64_microsoft.windows.common-controls_6595b64144ccf1df_6.0.9200.17359_none_4188b989718cf1c6\COMCTL32.dll
0x000007fbe59d0000 - 0x000007fbe5a75000 	C:\Windows\system32\msvcrt.dll
0x000007fbe7af0000 - 0x000007fbe7b38000 	C:\Windows\SYSTEM32\sechost.dll
0x000007fbe5330000 - 0x000007fbe5475000 	C:\Windows\system32\RPCRT4.dll
0x000007fbe5480000 - 0x000007fbe55c1000 	C:\Windows\system32\GDI32.dll
0x000007fbe5bd0000 - 0x000007fbe5c09000 	C:\Windows\system32\IMM32.DLL
0x000007fbe79c0000 - 0x000007fbe7ad5000 	C:\Windows\system32\MSCTF.dll
0x000000006e820000 - 0x000000006e8f2000 	C:\Program Files\Java\jdk1.8.0_20\jre\bin\msvcr100.dll
0x000000006ed80000 - 0x000000006f5d8000 	C:\Program Files\Java\jdk1.8.0_20\jre\bin\server\jvm.dll
0x000007fbd4fa0000 - 0x000007fbd4fa9000 	C:\Windows\SYSTEM32\WSOCK32.dll
0x000007fbdd360000 - 0x000007fbdd380000 	C:\Windows\SYSTEM32\WINMM.dll
0x000007fbe7ae0000 - 0x000007fbe7ae7000 	C:\Windows\system32\PSAPI.DLL
0x000007fbe6670000 - 0x000007fbe66c8000 	C:\Windows\system32\WS2_32.dll
0x000007fbdd320000 - 0x000007fbdd353000 	C:\Windows\SYSTEM32\WINMMBASE.dll
0x000007fbe6200000 - 0x000007fbe6209000 	C:\Windows\system32\NSI.dll
0x000007fbe4f00000 - 0x000007fbe4f4f000 	C:\Windows\SYSTEM32\cfgmgr32.dll
0x000007fbe5300000 - 0x000007fbe5322000 	C:\Windows\system32\DEVOBJ.dll
0x000000006ec90000 - 0x000000006ec9f000 	C:\Program Files\Java\jdk1.8.0_20\jre\bin\verify.dll
0x000000006ec60000 - 0x000000006ec88000 	C:\Program Files\Java\jdk1.8.0_20\jre\bin\java.dll
0x000000006ec40000 - 0x000000006ec56000 	C:\Program Files\Java\jdk1.8.0_20\jre\bin\zip.dll
0x000007fbe66d0000 - 0x000007fbe79b5000 	C:\Windows\system32\SHELL32.dll
0x000007fbe7b50000 - 0x000007fbe7d00000 	C:\Windows\SYSTEM32\combase.dll
0x000007fbe63f0000 - 0x000007fbe6440000 	C:\Windows\system32\SHLWAPI.dll
0x000007fbe3530000 - 0x000007fbe35c6000 	C:\Windows\SYSTEM32\SHCORE.dll
0x000007fbe4e80000 - 0x000007fbe4e95000 	C:\Windows\system32\profapi.dll

VM Arguments:
jvm_args: -Xmx1024M -Dfile.encoding=windows-1252 -Duser.country=GB -Duser.language=en -Duser.variant 
java_command: com.android.dx.command.Main --dex --output C:\healthok\app\healthok\app\build\intermediates\pre-dexed\debug\gson-2.2.4-d47af0ce8fd49b8b1a0093d6596a1d764fa38387.jar C:\healthok\app\healthok\app\libs\gson-2.2.4.jar
java_class_path (initial): C:\Users\Raghuveer\AppData\Local\Android\sdk\build-tools\22.0.1\lib\dx.jar
Launcher Type: SUN_STANDARD

Environment Variables:
PATH=C:\ProgramData\Oracle\Java\javapath;C:\Windows\system32;C:\Windows;C:\Windows\System32\Wbem;C:\Windows\System32\WindowsPowerShell\v1.0\;C:\Program Files (x86)\Common Files\lenovo\easyplussdk\bin;C:\Program Files (x86)\GtkSharp\2.12\bin
USERNAME=Raghuveer
OS=Windows_NT
PROCESSOR_IDENTIFIER=Intel64 Family 6 Model 37 Stepping 5, GenuineIntel



---------------  S Y S T E M  ---------------

OS: Windows 8 , 64 bit Build 9200 

CPU:total 4 (2 cores per cpu, 2 threads per core) family 6 model 37 stepping 5, cmov, cx8, fxsr, mmx, sse, sse2, sse3, ssse3, sse4.1, sse4.2, popcnt, ht, tsc, tscinvbit

Memory: 4k page, physical 3987304k(844484k free), swap 3987304k(5168k free)

vm_info: Java HotSpot(TM) 64-Bit Server VM (25.20-b23) for windows-amd64 JRE (1.8.0_20-b26), built on Jul 30 2014 13:51:23 by "java_re" with MS VC++ 10.0 (VS2010)

time: Sat Mar 05 16:37:08 2016
elapsed time: 4 seconds (0d 0h 0m 4s)

