#
# A fatal error has been detected by the Java Runtime Environment:
#
#  EXCEPTION_ACCESS_VIOLATION (0xc0000005) at pc=0x000000006ef79b07, pid=2792, tid=4296
#
# JRE version: Java(TM) SE Runtime Environment (8.0_20-b26) (build 1.8.0_20-b26)
# Java VM: Java HotSpot(TM) 64-Bit Server VM (25.20-b23 mixed mode windows-amd64 compressed oops)
# Problematic frame:
# V  [jvm.dll+0x1f9b07]
#
# Failed to write core dump. Minidumps are not enabled by default on client versions of Windows
#
# If you would like to submit a bug report, please visit:
#   http://bugreport.sun.com/bugreport/crash.jsp
#

---------------  T H R E A D  ---------------

Current thread (0x0000000015038800):  JavaThread "Signal Dispatcher" daemon [_thread_in_vm, id=4296, stack(0x0000000016390000,0x0000000016490000)]

siginfo: ExceptionCode=0xc0000005, writing address 0x000000001648af00

Registers:
RAX=0x000000001648af00, RBX=0x0000000000000005, RCX=0x0000000000004000, RDX=0x0000000000000006
RSP=0x000000001648ef00, RBP=0x0000000000000000, RSI=0x000000001648ef00, RDI=0x0000000000000005
R8 =0x0000000000000006, R9 =0x0000000015038240, R10=0x00000000146cc0a0, R11=0x000000001639a150
R12=0x0000000015038240, R13=0x0000000015038800, R14=0x000000001648efc8, R15=0x00000000146cc0a0
RIP=0x000000006ef79b07, EFLAGS=0x0000000000010206

Top of Stack: (sp=0x000000001648ef00)
0x000000001648ef00:   0000000000000000 000007fbe7f6592e
0x000000001648ef10:   0000000015038800 0000000015038240
0x000000001648ef20:   00000000ffffffff 000000006ef7aa37
0x000000001648ef30:   000000001648f030 00000000146cc0a0
0x000000001648ef40:   0000000015038800 000000006ee311c3
0x000000001648ef50:   000000001648ef90 0000000015038800
0x000000001648ef60:   000000001648f020 0000000015038800
0x000000001648ef70:   00000000146cc0a0 0000000015038800
0x000000001648ef80:   0000000002980e20 0000000015038800
0x000000001648ef90:   00000000146cc0a0 0000000015038800
0x000000001648efa0:   00000000146cc0a0 0000000015038800
0x000000001648efb0:   0000000000000001 00000000146cc0a0
0x000000001648efc0:   0000000015038800 000000000296ee10
0x000000001648efd0:   0000000015038800 000000006ee326ad
0x000000001648efe0:   000000001648f330 0000000100006448
0x000000001648eff0:   0000000100006448 000007fbe3531010 

Instructions: (pc=0x000000006ef79b07)
0x000000006ef79ae7:   48 89 6c 24 30 33 ed 66 90 e8 9b 5a 08 00 ff c3
0x000000006ef79af7:   48 63 c8 48 8b c6 48 0f af cf 48 ff c7 48 2b c1
0x000000006ef79b07:   89 28 48 63 c3 48 3b 05 ed 64 57 00 7e db 48 8b
0x000000006ef79b17:   6c 24 30 48 8b 5c 24 38 48 8b 74 24 40 48 83 c4 


Register to memory mapping:

RAX=0x000000001648af00 is pointing into the stack for thread: 0x0000000015038800
RBX=0x0000000000000005 is an unknown value
RCX=0x0000000000004000 is an unknown value
RDX=0x0000000000000006 is an unknown value
RSP=0x000000001648ef00 is pointing into the stack for thread: 0x0000000015038800
RBP=0x0000000000000000 is an unknown value
RSI=0x000000001648ef00 is pointing into the stack for thread: 0x0000000015038800
RDI=0x0000000000000005 is an unknown value
R8 =0x0000000000000006 is an unknown value
R9 =0x0000000015038240 is an unknown value
R10={method} {0x00000000146cc0a8} 'exit' '()V' in 'java/lang/Thread'
R11=0x000000001639a150 is pointing into the stack for thread: 0x0000000015038800
R12=0x0000000015038240 is an unknown value
R13=0x0000000015038800 is a thread
R14=0x000000001648efc8 is pointing into the stack for thread: 0x0000000015038800
R15={method} {0x00000000146cc0a8} 'exit' '()V' in 'java/lang/Thread'


Stack: [0x0000000016390000,0x0000000016490000],  sp=0x000000001648ef00,  free space=1019k
