#
# There is insufficient memory for the Java Runtime Environment to continue.
# Native memory allocation (malloc) failed to allocate 471312 bytes for Chunk::new
# Possible reasons:
#   The system is out of physical RAM or swap space
#   In 32 bit mode, the process size limit was hit
# Possible solutions:
#   Reduce memory load on the system
#   Increase physical memory or swap space
#   Check if swap backing store is full
#   Use 64 bit Java on a 64 bit OS
#   Decrease Java heap size (-Xmx/-Xms)
#   Decrease number of Java threads
#   Decrease Java thread stack sizes (-Xss)
#   Set larger code cache with -XX:ReservedCodeCacheSize=
# This output file may be truncated or incomplete.
#
#  Out of Memory Error (allocation.cpp:390), pid=4884, tid=1428
#
# JRE version: Java(TM) SE Runtime Environment (8.0_20-b26) (build 1.8.0_20-b26)
# Java VM: Java HotSpot(TM) 64-Bit Server VM (25.20-b23 mixed mode windows-amd64 compressed oops)
# Failed to write core dump. Minidumps are not enabled by default on client versions of Windows
#

---------------  T H R E A D  ---------------

Current thread (0x00000000151fb000):  JavaThread "C2 CompilerThread0" daemon [_thread_in_native, id=1428, stack(0x0000000016760000,0x0000000016860000)]

Stack: [0x0000000016760000,0x0000000016860000]
Native frames: (J=compiled Java code, j=interpreted, Vv=VM code, C=native code)
V  [jvm.dll+0x3152fa]


Current CompileTask:
C2:  24702 2025       4       com.android.dx.cf.code.Simulator$SimVisitor::visitNoArgs (2108 bytes)


---------------  P R O C E S S  ---------------

Java Threads: ( => current thread )
  0x0000000015208800 JavaThread "Service Thread" daemon [_thread_blocked, id=4720, stack(0x0000000016a60000,0x0000000016b60000)]
  0x0000000015201800 JavaThread "C1 CompilerThread2" daemon [_thread_blocked, id=4212, stack(0x0000000016960000,0x0000000016a60000)]
  0x00000000151fe800 JavaThread "C2 CompilerThread1" daemon [_thread_in_native, id=4952, stack(0x0000000016860000,0x0000000016960000)]
=>0x00000000151fb000 JavaThread "C2 CompilerThread0" daemon [_thread_in_native, id=1428, stack(0x0000000016760000,0x0000000016860000)]
  0x00000000151f9800 JavaThread "Attach Listener" daemon [_thread_blocked, id=1424, stack(0x0000000016660000,0x0000000016760000)]
  0x00000000151f8800 JavaThread "Signal Dispatcher" daemon [_thread_blocked, id=4200, stack(0x0000000016560000,0x0000000016660000)]
  0x0000000002afe800 JavaThread "Finalizer" daemon [_thread_blocked, id=992, stack(0x0000000016450000,0x0000000016550000)]
  0x0000000002afa000 JavaThread "Reference Handler" daemon [_thread_blocked, id=2296, stack(0x0000000016350000,0x0000000016450000)]
  0x0000000002a10800 JavaThread "main" [_thread_in_Java, id=4824, stack(0x00000000025e0000,0x00000000026e0000)]

Other Threads:
  0x00000000151c5000 VMThread [stack: 0x0000000016250000,0x0000000016350000] [id=4832]
  0x000000001520b800 WatcherThread [stack: 0x0000000016b60000,0x0000000016c60000] [id=3096]

VM state:not at safepoint (normal execution)

VM Mutex/Monitor currently owned by a thread: None

Heap:
 PSYoungGen      total 133632K, used 36964K [0x00000000eab00000, 0x00000000f4600000, 0x0000000100000000)
  eden space 120832K, 20% used [0x00000000eab00000,0x00000000ec29a5a0,0x00000000f2100000)
  from space 12800K, 99% used [0x00000000f3180000,0x00000000f3dfec10,0x00000000f3e00000)
  to   space 16896K, 0% used [0x00000000f2100000,0x00000000f2100000,0x00000000f3180000)
 ParOldGen       total 42496K, used 26451K [0x00000000c0000000, 0x00000000c2980000, 0x00000000eab00000)
  object space 42496K, 62% used [0x00000000c0000000,0x00000000c19d4e38,0x00000000c2980000)
 Metaspace       used 6061K, capacity 7152K, committed 7296K, reserved 1056768K
  class space    used 576K, capacity 616K, committed 640K, reserved 1048576K

Card table byte_map: [0x0000000011ed0000,0x00000000120e0000] byte_map_base: 0x00000000118d0000

Marking Bits: (ParMarkBitMap*) 0x000000006f55b460
 Begin Bits: [0x0000000012640000, 0x0000000013640000)
 End Bits:   [0x0000000013640000, 0x0000000014640000)

Polling page: 0x00000000026f0000

CodeCache: size=245760Kb used=10146Kb max_used=10158Kb free=235613Kb
 bounds [0x0000000002b10000, 0x0000000003510000, 0x0000000011b10000]
 total_blobs=2243 nmethods=1983 adapters=174
 compilation: enabled

Compilation events (10 events):
Event: 24.442 Thread 0x0000000015201800 nmethod 2030 0x00000000034a7c90 code [0x00000000034a7e20, 0x00000000034a82d8]
Event: 24.518 Thread 0x00000000151fe800 2031       4       com.android.dx.rop.cst.CstMemberRef::<init> (43 bytes)
Event: 24.519 Thread 0x00000000151fe800 nmethod 2031 0x00000000034b56d0 code [0x00000000034b5800, 0x00000000034b58b8]
Event: 24.523 Thread 0x0000000015201800 2032       3       com.android.dx.cf.direct.StdAttributeFactory::innerClasses (383 bytes)
Event: 24.535 Thread 0x0000000015201800 nmethod 2032 0x00000000034f5b10 code [0x00000000034f6540, 0x00000000034fde28]
Event: 24.550 Thread 0x00000000151fe800 2033       4       java.util.TreeMap$Values::iterator (19 bytes)
Event: 24.553 Thread 0x00000000151fe800 nmethod 2033 0x00000000034a78d0 code [0x00000000034a7a20, 0x00000000034a7b78]
Event: 24.564 Thread 0x0000000015201800 2034   !   3       com.android.dx.rop.cst.CstType::intern (48 bytes)
Event: 24.565 Thread 0x0000000015201800 nmethod 2034 0x00000000034e5250 code [0x00000000034e5460, 0x00000000034e6088]
Event: 24.580 Thread 0x00000000151fe800 2035       4       com.android.dx.cf.attrib.BaseLocalVariables::byteLength (14 bytes)

GC Heap History (10 events):
Event: 13.830 GC heap before
{Heap before GC invocations=4 (full 0):
 PSYoungGen      total 18432K, used 18408K [0x00000000eab00000, 0x00000000ecf00000, 0x0000000100000000)
  eden space 15872K, 100% used [0x00000000eab00000,0x00000000eba80000,0x00000000eba80000)
  from space 2560K, 99% used [0x00000000eba80000,0x00000000ebcfa158,0x00000000ebd00000)
  to   space 2560K, 0% used [0x00000000ecc80000,0x00000000ecc80000,0x00000000ecf00000)
 ParOldGen       total 42496K, used 6136K [0x00000000c0000000, 0x00000000c2980000, 0x00000000eab00000)
  object space 42496K, 14% used [0x00000000c0000000,0x00000000c05fe070,0x00000000c2980000)
 Metaspace       used 5847K, capacity 7088K, committed 7296K, reserved 1056768K
  class space    used 555K, capacity 616K, committed 640K, reserved 1048576K
Event: 13.855 GC heap after
Heap after GC invocations=4 (full 0):
 PSYoungGen      total 34304K, used 2532K [0x00000000eab00000, 0x00000000ecf00000, 0x0000000100000000)
  eden space 31744K, 0% used [0x00000000eab00000,0x00000000eab00000,0x00000000eca00000)
  from space 2560K, 98% used [0x00000000ecc80000,0x00000000ecef91b8,0x00000000ecf00000)
  to   space 2560K, 0% used [0x00000000eca00000,0x00000000eca00000,0x00000000ecc80000)
 ParOldGen       total 42496K, used 8890K [0x00000000c0000000, 0x00000000c2980000, 0x00000000eab00000)
  object space 42496K, 20% used [0x00000000c0000000,0x00000000c08aeb58,0x00000000c2980000)
 Metaspace       used 5847K, capacity 7088K, committed 7296K, reserved 1056768K
  class space    used 555K, capacity 616K, committed 640K, reserved 1048576K
}
Event: 15.100 GC heap before
{Heap before GC invocations=5 (full 0):
 PSYoungGen      total 34304K, used 34276K [0x00000000eab00000, 0x00000000ecf00000, 0x0000000100000000)
  eden space 31744K, 100% used [0x00000000eab00000,0x00000000eca00000,0x00000000eca00000)
  from space 2560K, 98% used [0x00000000ecc80000,0x00000000ecef91b8,0x00000000ecf00000)
  to   space 2560K, 0% used [0x00000000eca00000,0x00000000eca00000,0x00000000ecc80000)
 ParOldGen       total 42496K, used 8890K [0x00000000c0000000, 0x00000000c2980000, 0x00000000eab00000)
  object space 42496K, 20% used [0x00000000c0000000,0x00000000c08aeb58,0x00000000c2980000)
 Metaspace       used 5967K, capacity 7088K, committed 7296K, reserved 1056768K
  class space    used 575K, capacity 616K, committed 640K, reserved 1048576K
Event: 15.126 GC heap after
Heap after GC invocations=5 (full 0):
 PSYoungGen      total 34304K, used 2539K [0x00000000eab00000, 0x00000000ef600000, 0x0000000100000000)
  eden space 31744K, 0% used [0x00000000eab00000,0x00000000eab00000,0x00000000eca00000)
  from space 2560K, 99% used [0x00000000eca00000,0x00000000ecc7ac80,0x00000000ecc80000)
  to   space 6656K, 0% used [0x00000000eef80000,0x00000000eef80000,0x00000000ef600000)
 ParOldGen       total 42496K, used 12454K [0x00000000c0000000, 0x00000000c2980000, 0x00000000eab00000)
  object space 42496K, 29% used [0x00000000c0000000,0x00000000c0c29b00,0x00000000c2980000)
 Metaspace       used 5967K, capacity 7088K, committed 7296K, reserved 1056768K
  class space    used 575K, capacity 616K, committed 640K, reserved 1048576K
}
Event: 17.376 GC heap before
{Heap before GC invocations=6 (full 0):
 PSYoungGen      total 34304K, used 34283K [0x00000000eab00000, 0x00000000ef600000, 0x0000000100000000)
  eden space 31744K, 100% used [0x00000000eab00000,0x00000000eca00000,0x00000000eca00000)
  from space 2560K, 99% used [0x00000000eca00000,0x00000000ecc7ac80,0x00000000ecc80000)
  to   space 6656K, 0% used [0x00000000eef80000,0x00000000eef80000,0x00000000ef600000)
 ParOldGen       total 42496K, used 12454K [0x00000000c0000000, 0x00000000c2980000, 0x00000000eab00000)
  object space 42496K, 29% used [0x00000000c0000000,0x00000000c0c29b00,0x00000000c2980000)
 Metaspace       used 5979K, capacity 7088K, committed 7296K, reserved 1056768K
  class space    used 575K, capacity 616K, committed 640K, reserved 1048576K
Event: 17.432 GC heap after
Heap after GC invocations=6 (full 0):
 PSYoungGen      total 69120K, used 6651K [0x00000000eab00000, 0x00000000ef800000, 0x0000000100000000)
  eden space 62464K, 0% used [0x00000000eab00000,0x00000000eab00000,0x00000000ee800000)
  from space 6656K, 99% used [0x00000000eef80000,0x00000000ef5fecc0,0x00000000ef600000)
  to   space 7680K, 0% used [0x00000000ee800000,0x00000000ee800000,0x00000000eef80000)
 ParOldGen       total 42496K, used 13062K [0x00000000c0000000, 0x00000000c2980000, 0x00000000eab00000)
  object space 42496K, 30% used [0x00000000c0000000,0x00000000c0cc1910,0x00000000c2980000)
 Metaspace       used 5979K, capacity 7088K, committed 7296K, reserved 1056768K
  class space    used 575K, capacity 616K, committed 640K, reserved 1048576K
}
Event: 20.316 GC heap before
{Heap before GC invocations=7 (full 0):
 PSYoungGen      total 69120K, used 69115K [0x00000000eab00000, 0x00000000ef800000, 0x0000000100000000)
  eden space 62464K, 100% used [0x00000000eab00000,0x00000000ee800000,0x00000000ee800000)
  from space 6656K, 99% used [0x00000000eef80000,0x00000000ef5fecc0,0x00000000ef600000)
  to   space 7680K, 0% used [0x00000000ee800000,0x00000000ee800000,0x00000000eef80000)
 ParOldGen       total 42496K, used 13062K [0x00000000c0000000, 0x00000000c2980000, 0x00000000eab00000)
  object space 42496K, 30% used [0x00000000c0000000,0x00000000c0cc1910,0x00000000c2980000)
 Metaspace       used 6006K, capacity 7088K, committed 7296K, reserved 1056768K
  class space    used 576K, capacity 616K, committed 640K, reserved 1048576K
Event: 20.495 GC heap after
Heap after GC invocations=7 (full 0):
 PSYoungGen      total 70144K, used 7668K [0x00000000eab00000, 0x00000000f3e00000, 0x0000000100000000)
  eden space 62464K, 0% used [0x00000000eab00000,0x00000000eab00000,0x00000000ee800000)
  from space 7680K, 99% used [0x00000000ee800000,0x00000000eef7d158,0x00000000eef80000)
  to   space 12800K, 0% used [0x00000000f3180000,0x00000000f3180000,0x00000000f3e00000)
 ParOldGen       total 42496K, used 21659K [0x00000000c0000000, 0x00000000c2980000, 0x00000000eab00000)
  object space 42496K, 50% used [0x00000000c0000000,0x00000000c1526f90,0x00000000c2980000)
 Metaspace       used 6006K, capacity 7088K, committed 7296K, reserved 1056768K
  class space    used 576K, capacity 616K, committed 640K, reserved 1048576K
}
Event: 23.934 GC heap before
{Heap before GC invocations=8 (full 0):
 PSYoungGen      total 70144K, used 70132K [0x00000000eab00000, 0x00000000f3e00000, 0x0000000100000000)
  eden space 62464K, 100% used [0x00000000eab00000,0x00000000ee800000,0x00000000ee800000)
  from space 7680K, 99% used [0x00000000ee800000,0x00000000eef7d158,0x00000000eef80000)
  to   space 12800K, 0% used [0x00000000f3180000,0x00000000f3180000,0x00000000f3e00000)
 ParOldGen       total 42496K, used 21659K [0x00000000c0000000, 0x00000000c2980000, 0x00000000eab00000)
  object space 42496K, 50% used [0x00000000c0000000,0x00000000c1526f90,0x00000000c2980000)
 Metaspace       used 6060K, capacity 7152K, committed 7296K, reserved 1056768K
  class space    used 576K, capacity 616K, committed 640K, reserved 1048576K
Event: 24.271 GC heap after
Heap after GC invocations=8 (full 0):
 PSYoungGen      total 133632K, used 12795K [0x00000000eab00000, 0x00000000f4600000, 0x0000000100000000)
  eden space 120832K, 0% used [0x00000000eab00000,0x00000000eab00000,0x00000000f2100000)
  from space 12800K, 99% used [0x00000000f3180000,0x00000000f3dfec10,0x00000000f3e00000)
  to   space 16896K, 0% used [0x00000000f2100000,0x00000000f2100000,0x00000000f3180000)
 ParOldGen       total 42496K, used 26451K [0x00000000c0000000, 0x00000000c2980000, 0x00000000eab00000)
  object space 42496K, 62% used [0x00000000c0000000,0x00000000c19d4e38,0x00000000c2980000)
 Metaspace       used 6060K, capacity 7152K, committed 7296K, reserved 1056768K
  class space    used 576K, capacity 616K, committed 640K, reserved 1048576K
}

Deoptimization events (10 events):
Event: 16.090 Thread 0x0000000002a10800 Uncommon trap: reason=class_check action=maybe_recompile pc=0x000000000326364c method=com.android.dx.cf.code.BytecodeArray.parseInstruction(ILcom/android/dx/cf/code/BytecodeArray$Visitor;)I @ 987
Event: 16.094 Thread 0x0000000002a10800 Uncommon trap: reason=class_check action=maybe_recompile pc=0x000000000326364c method=com.android.dx.cf.code.BytecodeArray.parseInstruction(ILcom/android/dx/cf/code/BytecodeArray$Visitor;)I @ 987
Event: 17.283 Thread 0x0000000002a10800 Uncommon trap: reason=bimorphic action=maybe_recompile pc=0x0000000003309a98 method=com.android.dx.cf.code.BytecodeArray.parseInstruction(ILcom/android/dx/cf/code/BytecodeArray$Visitor;)I @ 2484
Event: 17.283 Thread 0x0000000002a10800 Uncommon trap: reason=bimorphic action=maybe_recompile pc=0x0000000003309a98 method=com.android.dx.cf.code.BytecodeArray.parseInstruction(ILcom/android/dx/cf/code/BytecodeArray$Visitor;)I @ 2484
Event: 17.720 Thread 0x0000000002a10800 Uncommon trap: reason=unreached action=reinterpret pc=0x0000000002eebe38 method=java.util.HashMap.putVal(ILjava/lang/Object;Ljava/lang/Object;ZZ)Ljava/lang/Object; @ 109
Event: 17.872 Thread 0x0000000002a10800 Uncommon trap: reason=unreached action=reinterpret pc=0x000000000320eb84 method=com.android.dx.rop.code.LocalVariableExtractor.processBlock(I)V @ 195
Event: 19.283 Thread 0x0000000002a10800 Uncommon trap: reason=bimorphic action=maybe_recompile pc=0x00000000030fc9d4 method=com.android.dx.ssa.LiteralOpUpgrader.tryReplacingWithConstant(Lcom/android/dx/ssa/NormalSsaInsn;)Z @ 62
Event: 19.919 Thread 0x0000000002a10800 Uncommon trap: reason=bimorphic action=maybe_recompile pc=0x00000000030fc9d4 method=com.android.dx.ssa.LiteralOpUpgrader.tryReplacingWithConstant(Lcom/android/dx/ssa/NormalSsaInsn;)Z @ 62
Event: 22.386 Thread 0x0000000002a10800 Uncommon trap: reason=class_check action=maybe_recompile pc=0x000000000332fe78 method=com.android.dx.cf.code.RopperMachine.run(Lcom/android/dx/cf/code/Frame;II)V @ 1024
Event: 23.593 Thread 0x0000000002a10800 Uncommon trap: reason=bimorphic action=maybe_recompile pc=0x00000000033ec630 method=com.android.dx.rop.code.RegisterSpec.getFrameType()Lcom/android/dx/rop/type/TypeBearer; @ 4

Internal exceptions (10 events):
Event: 10.513 Thread 0x0000000002a10800 Exception <a 'java/security/PrivilegedActionException'> (0x00000000eacd2c20) thrown at [D:\re\workspace\8-2-build-windows-amd64-cygwin\jdk8u20\1074\hotspot\src\share\vm\prims\jvm.cpp, line 1275]
Event: 12.501 Thread 0x0000000002a10800 Exception <a 'java/security/PrivilegedActionException'> (0x00000000eb8c3b18) thrown at [D:\re\workspace\8-2-build-windows-amd64-cygwin\jdk8u20\1074\hotspot\src\share\vm\prims\jvm.cpp, line 1275]
Event: 12.502 Thread 0x0000000002a10800 Exception <a 'java/security/PrivilegedActionException'> (0x00000000eb8d5df0) thrown at [D:\re\workspace\8-2-build-windows-amd64-cygwin\jdk8u20\1074\hotspot\src\share\vm\prims\jvm.cpp, line 1275]
Event: 13.096 Thread 0x0000000002a10800 Exception <a 'java/security/PrivilegedActionException'> (0x00000000eb036630) thrown at [D:\re\workspace\8-2-build-windows-amd64-cygwin\jdk8u20\1074\hotspot\src\share\vm\prims\jvm.cpp, line 1275]
Event: 14.103 Thread 0x0000000002a10800 Exception <a 'java/lang/ArrayIndexOutOfBoundsException': 18> (0x00000000eb551720) thrown at [D:\re\workspace\8-2-build-windows-amd64-cygwin\jdk8u20\1074\hotspot\src\share\vm\interpreter\interpreterRuntime.cpp, line 366]
Event: 14.104 Thread 0x0000000002a10800 Exception <a 'java/lang/ArrayIndexOutOfBoundsException'> (0x00000000eb5531b8) thrown at [D:\re\workspace\8-2-build-windows-amd64-cygwin\jdk8u20\1074\hotspot\src\share\vm\runtime\sharedRuntime.cpp, line 604]
Event: 14.105 Thread 0x0000000002a10800 Exception <a 'java/lang/ArrayIndexOutOfBoundsException'> (0x00000000eb5543d0) thrown at [D:\re\workspace\8-2-build-windows-amd64-cygwin\jdk8u20\1074\hotspot\src\share\vm\runtime\sharedRuntime.cpp, line 604]
Event: 14.881 Thread 0x0000000002a10800 Exception <a 'java/security/PrivilegedActionException'> (0x00000000ec28e070) thrown at [D:\re\workspace\8-2-build-windows-amd64-cygwin\jdk8u20\1074\hotspot\src\share\vm\prims\jvm.cpp, line 1275]
Event: 16.865 Thread 0x0000000002a10800 Exception <a 'java/security/PrivilegedActionException'> (0x00000000ec226258) thrown at [D:\re\workspace\8-2-build-windows-amd64-cygwin\jdk8u20\1074\hotspot\src\share\vm\prims\jvm.cpp, line 1275]
Event: 18.838 Thread 0x0000000002a10800 Exception <a 'java/security/PrivilegedActionException'> (0x00000000ecd42af0) thrown at [D:\re\workspace\8-2-build-windows-amd64-cygwin\jdk8u20\1074\hotspot\src\share\vm\prims\jvm.cpp, line 1275]

Events (10 events):
Event: 23.477 Thread 0x0000000002a10800 DEOPT UNPACKING pc=0x0000000002b571bf sp=0x00000000026de5b8 mode 0
Event: 23.514 Thread 0x0000000002a10800 DEOPT PACKING pc=0x0000000003118ef3 sp=0x00000000026de650
Event: 23.514 Thread 0x0000000002a10800 DEOPT UNPACKING pc=0x0000000002b571bf sp=0x00000000026de3a0 mode 0
Event: 23.583 Thread 0x0000000002a10800 DEOPT PACKING pc=0x0000000002fb785f sp=0x00000000026de790
Event: 23.583 Thread 0x0000000002a10800 DEOPT UNPACKING pc=0x0000000002b571bf sp=0x00000000026de4b8 mode 0
Event: 23.593 Thread 0x0000000002a10800 Uncommon trap: trap_request=0xffffffc6 fr.pc=0x00000000033ec630
Event: 23.593 Thread 0x0000000002a10800 DEOPT PACKING pc=0x00000000033ec630 sp=0x00000000026de490
Event: 23.593 Thread 0x0000000002a10800 DEOPT UNPACKING pc=0x0000000002b5556a sp=0x00000000026de3d0 mode 2
Event: 23.934 Executing VM operation: ParallelGCFailedAllocation
Event: 24.271 Executing VM operation: ParallelGCFailedAllocation done


Dynamic libraries:
0x000007f688310000 - 0x000007f688344000 	C:\Program Files\Java\jdk1.8.0_20\bin\java.exe
0x000007fbe7f60000 - 0x000007fbe811d000 	C:\Windows\SYSTEM32\ntdll.dll
0x000007fbe5830000 - 0x000007fbe5967000 	C:\Windows\system32\KERNEL32.DLL
0x000007fbe51e0000 - 0x000007fbe52d4000 	C:\Windows\system32\KERNELBASE.dll
0x000007fbe5750000 - 0x000007fbe582e000 	C:\Windows\system32\ADVAPI32.dll
0x000007fbe5a80000 - 0x000007fbe5bcc000 	C:\Windows\system32\USER32.dll
0x000007fbe2b50000 - 0x000007fbe2dba000 	C:\Windows\WinSxS\amd64_microsoft.windows.common-controls_6595b64144ccf1df_6.0.9200.17359_none_4188b989718cf1c6\COMCTL32.dll
0x000007fbe59d0000 - 0x000007fbe5a75000 	C:\Windows\system32\msvcrt.dll
0x000007fbe7af0000 - 0x000007fbe7b38000 	C:\Windows\SYSTEM32\sechost.dll
0x000007fbe5330000 - 0x000007fbe5475000 	C:\Windows\system32\RPCRT4.dll
0x000007fbe5480000 - 0x000007fbe55c1000 	C:\Windows\system32\GDI32.dll
0x000007fbe5bd0000 - 0x000007fbe5c09000 	C:\Windows\system32\IMM32.DLL
0x000007fbe79c0000 - 0x000007fbe7ad5000 	C:\Windows\system32\MSCTF.dll
0x000000006e820000 - 0x000000006e8f2000 	C:\Program Files\Java\jdk1.8.0_20\jre\bin\msvcr100.dll
0x000000006ed80000 - 0x000000006f5d8000 	C:\Program Files\Java\jdk1.8.0_20\jre\bin\server\jvm.dll
0x000007fbd4fa0000 - 0x000007fbd4fa9000 	C:\Windows\SYSTEM32\WSOCK32.dll
0x000007fbdd360000 - 0x000007fbdd380000 	C:\Windows\SYSTEM32\WINMM.dll
0x000007fbe7ae0000 - 0x000007fbe7ae7000 	C:\Windows\system32\PSAPI.DLL
0x000007fbe6670000 - 0x000007fbe66c8000 	C:\Windows\system32\WS2_32.dll
0x000007fbdd320000 - 0x000007fbdd353000 	C:\Windows\SYSTEM32\WINMMBASE.dll
0x000007fbe6200000 - 0x000007fbe6209000 	C:\Windows\system32\NSI.dll
0x000007fbe4f00000 - 0x000007fbe4f4f000 	C:\Windows\SYSTEM32\cfgmgr32.dll
0x000007fbe5300000 - 0x000007fbe5322000 	C:\Windows\system32\DEVOBJ.dll
0x000000006ec90000 - 0x000000006ec9f000 	C:\Program Files\Java\jdk1.8.0_20\jre\bin\verify.dll
0x000000006ec60000 - 0x000000006ec88000 	C:\Program Files\Java\jdk1.8.0_20\jre\bin\java.dll
0x000000006ec40000 - 0x000000006ec56000 	C:\Program Files\Java\jdk1.8.0_20\jre\bin\zip.dll
0x000007fbe66d0000 - 0x000007fbe79b5000 	C:\Windows\system32\SHELL32.dll
0x000007fbe7b50000 - 0x000007fbe7d00000 	C:\Windows\SYSTEM32\combase.dll
0x000007fbe63f0000 - 0x000007fbe6440000 	C:\Windows\system32\SHLWAPI.dll
0x000007fbe3530000 - 0x000007fbe35c6000 	C:\Windows\SYSTEM32\SHCORE.dll
0x000007fbe4e80000 - 0x000007fbe4e95000 	C:\Windows\system32\profapi.dll

VM Arguments:
jvm_args: -Xmx1024M -Dfile.encoding=windows-1252 -Duser.country=GB -Duser.language=en -Duser.variant 
java_command: com.android.dx.command.Main --dex --output C:\healthok\app\healthok\app\build\intermediates\pre-dexed\debug\classes-057a80dd8642be250fca3cdd3db633e8b65c14a5.jar C:\healthok\app\healthok\app\build\intermediates\exploded-aar\com.android.support\appcompat-v7\22.1.1\jars\classes.jar
java_class_path (initial): C:\Users\Raghuveer\AppData\Local\Android\sdk\build-tools\22.0.1\lib\dx.jar
Launcher Type: SUN_STANDARD

Environment Variables:
PATH=C:\ProgramData\Oracle\Java\javapath;C:\Windows\system32;C:\Windows;C:\Windows\System32\Wbem;C:\Windows\System32\WindowsPowerShell\v1.0\;C:\Program Files (x86)\Common Files\lenovo\easyplussdk\bin;C:\Program Files (x86)\GtkSharp\2.12\bin
USERNAME=Raghuveer
OS=Windows_NT
PROCESSOR_IDENTIFIER=Intel64 Family 6 Model 37 Stepping 5, GenuineIntel



---------------  S Y S T E M  ---------------

OS: Windows 8 , 64 bit Build 9200 

CPU:total 4 (2 cores per cpu, 2 threads per core) family 6 model 37 stepping 5, cmov, cx8, fxsr, mmx, sse, sse2, sse3, ssse3, sse4.1, sse4.2, popcnt, ht, tsc, tscinvbit

Memory: 4k page, physical 3987304k(768524k free), swap 3987304k(5084k free)

vm_info: Java HotSpot(TM) 64-Bit Server VM (25.20-b23) for windows-amd64 JRE (1.8.0_20-b26), built on Jul 30 2014 13:51:23 by "java_re" with MS VC++ 10.0 (VS2010)

time: Sat Mar 05 16:36:31 2016
elapsed time: 24 seconds (0d 0h 0m 24s)

