#
# There is insufficient memory for the Java Runtime Environment to continue.
# Native memory allocation (malloc) failed to allocate 1048576 bytes for AllocateHeap
# Possible reasons:
#   The system is out of physical RAM or swap space
#   In 32 bit mode, the process size limit was hit
# Possible solutions:
#   Reduce memory load on the system
#   Increase physical memory or swap space
#   Check if swap backing store is full
#   Use 64 bit Java on a 64 bit OS
#   Decrease Java heap size (-Xmx/-Xms)
#   Decrease number of Java threads
#   Decrease Java thread stack sizes (-Xss)
#   Set larger code cache with -XX:ReservedCodeCacheSize=
# This output file may be truncated or incomplete.
#
#  Out of Memory Error (memory/allocation.inline.hpp:62), pid=4100, tid=4940
#
# JRE version:  (8.0_20-b26) (build )
# Java VM: Java HotSpot(TM) 64-Bit Server VM (25.20-b23 mixed mode windows-amd64 compressed oops)
# Failed to write core dump. Minidumps are not enabled by default on client versions of Windows
#

---------------  T H R E A D  ---------------

Current thread (0x0000000002860800):  JavaThread "Unknown thread" [_thread_in_vm, id=4940, stack(0x0000000002480000,0x0000000002580000)]

Stack: [0x0000000002480000,0x0000000002580000]
Native frames: (J=compiled Java code, j=interpreted, Vv=VM code, C=native code)
V  [jvm.dll+0x3152fa]
V  [jvm.dll+0x265d03]
V  [jvm.dll+0x266943]
V  [jvm.dll+0x25e265]
V  [jvm.dll+0x3ddc3f]
V  [jvm.dll+0x3de73f]
V  [jvm.dll+0x3de854]
V  [jvm.dll+0x3dea23]
V  [jvm.dll+0xe4472]
V  [jvm.dll+0x1f8a09]
V  [jvm.dll+0x229fc4]
V  [jvm.dll+0x14c6f1]
C  [java.exe+0x20b6]
C  [java.exe+0xc9bb]
C  [java.exe+0xca4f]
C  [KERNEL32.DLL+0x1842]
C  [ntdll.dll+0x3df11]


---------------  P R O C E S S  ---------------

Java Threads: ( => current thread )

Other Threads:

=>0x0000000002860800 (exited) JavaThread "Unknown thread" [_thread_in_vm, id=4940, stack(0x0000000002480000,0x0000000002580000)]

VM state:not at safepoint (normal execution)

VM Mutex/Monitor currently owned by a thread: None

Heap:
 PSYoungGen      total 18432K, used 317K [0x00000000eab00000, 0x00000000ebf80000, 0x0000000100000000)
  eden space 15872K, 2% used [0x00000000eab00000,0x00000000eab4f5d0,0x00000000eba80000)
  from space 2560K, 0% used [0x00000000ebd00000,0x00000000ebd00000,0x00000000ebf80000)
  to   space 2560K, 0% used [0x00000000eba80000,0x00000000eba80000,0x00000000ebd00000)
 ParOldGen       total 42496K, used 0K [0x00000000c0000000, 0x00000000c2980000, 0x00000000eab00000)
  object space 42496K, 0% used [0x00000000c0000000,0x00000000c0000000,0x00000000c2980000)
 Metaspace       used 674K, capacity 4480K, committed 4480K, reserved 1056768K
  class space    used 66K, capacity 384K, committed 384K, reserved 1048576K

Card table byte_map: [0x0000000011d20000,0x0000000011f30000] byte_map_base: 0x0000000011720000

Marking Bits: (ParMarkBitMap*) 0x000000006f55b460
 Begin Bits: [0x0000000012490000, 0x0000000013490000)
 End Bits:   [0x0000000013490000, 0x0000000014490000)

Polling page: 0x00000000023d0000

CodeCache: size=245760Kb used=326Kb max_used=326Kb free=245433Kb
 bounds [0x0000000002960000, 0x0000000002bd0000, 0x0000000011960000]
 total_blobs=55 nmethods=0 adapters=37
 compilation: enabled

Compilation events (0 events):
No events

GC Heap History (0 events):
No events

Deoptimization events (0 events):
No events

Internal exceptions (0 events):
No events

Events (10 events):
Event: 0.058 loading class java/lang/Short
Event: 0.058 loading class java/lang/Short done
Event: 0.058 loading class java/lang/Integer
Event: 0.059 loading class java/lang/Integer done
Event: 0.059 loading class java/lang/Long
Event: 0.059 loading class java/lang/Long done
Event: 0.060 loading class java/lang/NullPointerException
Event: 0.060 loading class java/lang/NullPointerException done
Event: 0.060 loading class java/lang/ArithmeticException
Event: 0.060 loading class java/lang/ArithmeticException done


Dynamic libraries:
0x000007f688310000 - 0x000007f688344000 	C:\Program Files\Java\jdk1.8.0_20\bin\java.exe
0x000007fbe7f60000 - 0x000007fbe811d000 	C:\Windows\SYSTEM32\ntdll.dll
0x000007fbe5830000 - 0x000007fbe5967000 	C:\Windows\system32\KERNEL32.DLL
0x000007fbe51e0000 - 0x000007fbe52d4000 	C:\Windows\system32\KERNELBASE.dll
0x000007fbe5750000 - 0x000007fbe582e000 	C:\Windows\system32\ADVAPI32.dll
0x000007fbe5a80000 - 0x000007fbe5bcc000 	C:\Windows\system32\USER32.dll
0x000007fbe2b50000 - 0x000007fbe2dba000 	C:\Windows\WinSxS\amd64_microsoft.windows.common-controls_6595b64144ccf1df_6.0.9200.17359_none_4188b989718cf1c6\COMCTL32.dll
0x000007fbe59d0000 - 0x000007fbe5a75000 	C:\Windows\system32\msvcrt.dll
0x000007fbe7af0000 - 0x000007fbe7b38000 	C:\Windows\SYSTEM32\sechost.dll
0x000007fbe5330000 - 0x000007fbe5475000 	C:\Windows\system32\RPCRT4.dll
0x000007fbe5480000 - 0x000007fbe55c1000 	C:\Windows\system32\GDI32.dll
0x000007fbe5bd0000 - 0x000007fbe5c09000 	C:\Windows\system32\IMM32.DLL
0x000007fbe79c0000 - 0x000007fbe7ad5000 	C:\Windows\system32\MSCTF.dll
0x000000006e820000 - 0x000000006e8f2000 	C:\Program Files\Java\jdk1.8.0_20\jre\bin\msvcr100.dll
0x000000006ed80000 - 0x000000006f5d8000 	C:\Program Files\Java\jdk1.8.0_20\jre\bin\server\jvm.dll
0x000007fbd4fa0000 - 0x000007fbd4fa9000 	C:\Windows\SYSTEM32\WSOCK32.dll
0x000007fbdd360000 - 0x000007fbdd380000 	C:\Windows\SYSTEM32\WINMM.dll
0x000007fbe7ae0000 - 0x000007fbe7ae7000 	C:\Windows\system32\PSAPI.DLL
0x000007fbe6670000 - 0x000007fbe66c8000 	C:\Windows\system32\WS2_32.dll
0x000007fbdd320000 - 0x000007fbdd353000 	C:\Windows\SYSTEM32\WINMMBASE.dll
0x000007fbe6200000 - 0x000007fbe6209000 	C:\Windows\system32\NSI.dll
0x000007fbe4f00000 - 0x000007fbe4f4f000 	C:\Windows\SYSTEM32\cfgmgr32.dll
0x000007fbe5300000 - 0x000007fbe5322000 	C:\Windows\system32\DEVOBJ.dll
0x000000006ec90000 - 0x000000006ec9f000 	C:\Program Files\Java\jdk1.8.0_20\jre\bin\verify.dll
0x000000006ec60000 - 0x000000006ec88000 	C:\Program Files\Java\jdk1.8.0_20\jre\bin\java.dll
0x000000006ec40000 - 0x000000006ec56000 	C:\Program Files\Java\jdk1.8.0_20\jre\bin\zip.dll
0x000007fbd3880000 - 0x000007fbd39e3000 	C:\Windows\SYSTEM32\dbghelp.dll

VM Arguments:
jvm_args: -Xmx1024M -Dfile.encoding=windows-1252 -Duser.country=GB -Duser.language=en -Duser.variant 
java_command: com.android.dx.command.Main --dex --output C:\healthok\app\healthok\app\build\intermediates\pre-dexed\debug\internal_impl-23.2.0-78b81954abb0d7e180a98a9f3869fa7ac5905ea1.jar C:\healthok\app\healthok\app\build\intermediates\exploded-aar\com.android.support\support-v4\23.2.0\jars\libs\internal_impl-23.2.0.jar
java_class_path (initial): C:\Users\Raghuveer\AppData\Local\Android\sdk\build-tools\22.0.1\lib\dx.jar
Launcher Type: SUN_STANDARD

Environment Variables:
PATH=C:\ProgramData\Oracle\Java\javapath;C:\Windows\system32;C:\Windows;C:\Windows\System32\Wbem;C:\Windows\System32\WindowsPowerShell\v1.0\;C:\Program Files (x86)\Common Files\lenovo\easyplussdk\bin;C:\Program Files (x86)\GtkSharp\2.12\bin
USERNAME=Raghuveer
OS=Windows_NT
PROCESSOR_IDENTIFIER=Intel64 Family 6 Model 37 Stepping 5, GenuineIntel



---------------  S Y S T E M  ---------------

OS: Windows 8 , 64 bit Build 9200 

CPU:total 4 (2 cores per cpu, 2 threads per core) family 6 model 37 stepping 5, cmov, cx8, fxsr, mmx, sse, sse2, sse3, ssse3, sse4.1, sse4.2, popcnt, ht, tsc, tscinvbit

Memory: 4k page, physical 3987304k(907360k free), swap 3987304k(35196k free)

vm_info: Java HotSpot(TM) 64-Bit Server VM (25.20-b23) for windows-amd64 JRE (1.8.0_20-b26), built on Jul 30 2014 13:51:23 by "java_re" with MS VC++ 10.0 (VS2010)

time: Sat Mar 05 16:37:05 2016
elapsed time: 0 seconds (0d 0h 0m 0s)

