#
# There is insufficient memory for the Java Runtime Environment to continue.
# Native memory allocation (malloc) failed to allocate 1026656 bytes for Chunk::new
# Possible reasons:
#   The system is out of physical RAM or swap space
#   In 32 bit mode, the process size limit was hit
# Possible solutions:
#   Reduce memory load on the system
#   Increase physical memory or swap space
#   Check if swap backing store is full
#   Use 64 bit Java on a 64 bit OS
#   Decrease Java heap size (-Xmx/-Xms)
#   Decrease number of Java threads
#   Decrease Java thread stack sizes (-Xss)
#   Set larger code cache with -XX:ReservedCodeCacheSize=
# This output file may be truncated or incomplete.
#
#  Out of Memory Error (allocation.cpp:390), pid=3764, tid=2516
#
# JRE version: Java(TM) SE Runtime Environment (8.0_20-b26) (build 1.8.0_20-b26)
# Java VM: Java HotSpot(TM) 64-Bit Server VM (25.20-b23 mixed mode windows-amd64 compressed oops)
# Failed to write core dump. Minidumps are not enabled by default on client versions of Windows
#

---------------  T H R E A D  ---------------

Current thread (0x0000000014acb000):  JavaThread "C2 CompilerThread0" daemon [_thread_in_native, id=2516, stack(0x0000000016030000,0x0000000016130000)]

Stack: [0x0000000016030000,0x0000000016130000]
Native frames: (J=compiled Java code, j=interpreted, Vv=VM code, C=native code)
V  [jvm.dll+0x3152fa]


Current CompileTask:
C2:   6739 1619   !   4       com.android.dx.cf.code.RopperMachine::run (1550 bytes)


---------------  P R O C E S S  ---------------

Java Threads: ( => current thread )
  0x0000000016338800 JavaThread "Service Thread" daemon [_thread_blocked, id=3536, stack(0x0000000016730000,0x0000000016830000)]
  0x0000000014ad1800 JavaThread "C1 CompilerThread2" daemon [_thread_blocked, id=1168, stack(0x0000000016230000,0x0000000016330000)]
  0x0000000014ace800 JavaThread "C2 CompilerThread1" daemon [_thread_in_native, id=5740, stack(0x0000000016130000,0x0000000016230000)]
=>0x0000000014acb000 JavaThread "C2 CompilerThread0" daemon [_thread_in_native, id=2516, stack(0x0000000016030000,0x0000000016130000)]
  0x0000000014aca000 JavaThread "Attach Listener" daemon [_thread_blocked, id=4240, stack(0x0000000015f30000,0x0000000016030000)]
  0x0000000014ac8800 JavaThread "Signal Dispatcher" daemon [_thread_blocked, id=3544, stack(0x0000000015e30000,0x0000000015f30000)]
  0x00000000023ee800 JavaThread "Finalizer" daemon [_thread_blocked, id=4204, stack(0x0000000015d30000,0x0000000015e30000)]
  0x00000000023ea000 JavaThread "Reference Handler" daemon [_thread_blocked, id=1388, stack(0x0000000015c30000,0x0000000015d30000)]
  0x0000000002300800 JavaThread "main" [_thread_in_Java, id=5468, stack(0x0000000001f20000,0x0000000002020000)]

Other Threads:
  0x0000000014a95000 VMThread [stack: 0x0000000015b30000,0x0000000015c30000] [id=5860]
  0x0000000014b2c800 WatcherThread [stack: 0x0000000016830000,0x0000000016930000] [id=1776]

VM state:not at safepoint (normal execution)

VM Mutex/Monitor currently owned by a thread: None

Heap:
 PSYoungGen      total 34304K, used 24206K [0x00000000eab00000, 0x00000000ecf00000, 0x0000000100000000)
  eden space 31744K, 68% used [0x00000000eab00000,0x00000000ec027910,0x00000000eca00000)
  from space 2560K, 99% used [0x00000000ecc80000,0x00000000ecefc010,0x00000000ecf00000)
  to   space 2560K, 0% used [0x00000000eca00000,0x00000000eca00000,0x00000000ecc80000)
 ParOldGen       total 42496K, used 9315K [0x00000000c0000000, 0x00000000c2980000, 0x00000000eab00000)
  object space 42496K, 21% used [0x00000000c0000000,0x00000000c0918ed8,0x00000000c2980000)
 Metaspace       used 5845K, capacity 7088K, committed 7296K, reserved 1056768K
  class space    used 552K, capacity 616K, committed 640K, reserved 1048576K

Card table byte_map: [0x00000000117c0000,0x00000000119d0000] byte_map_base: 0x00000000111c0000

Marking Bits: (ParMarkBitMap*) 0x000000005931b460
 Begin Bits: [0x0000000011f30000, 0x0000000012f30000)
 End Bits:   [0x0000000012f30000, 0x0000000013f30000)

Polling page: 0x0000000000590000

CodeCache: size=245760Kb used=7467Kb max_used=7467Kb free=238292Kb
 bounds [0x0000000002400000, 0x0000000002b60000, 0x0000000011400000]
 total_blobs=1965 nmethods=1706 adapters=174
 compilation: enabled

Compilation events (10 events):
Event: 6.478 Thread 0x0000000014ad1800 1698       3       com.android.dx.rop.code.Rops::pickBinaryOp (158 bytes)
Event: 6.480 Thread 0x0000000014ad1800 nmethod 1698 0x0000000002b39210 code [0x0000000002b39460, 0x0000000002b3a2b8]
Event: 6.482 Thread 0x0000000014ad1800 1700       3       java.util.Collections$UnmodifiableList::get (11 bytes)
Event: 6.482 Thread 0x0000000014ad1800 nmethod 1700 0x0000000002b1fe10 code [0x0000000002b1ff80, 0x0000000002b201a8]
Event: 6.512 Thread 0x0000000014ad1800 1701       3       com.android.dx.cf.direct.DirectClassFile$DcfTypeList::getType (26 bytes)
Event: 6.514 Thread 0x0000000014ad1800 nmethod 1701 0x0000000002b3aa50 code [0x0000000002b3ad20, 0x0000000002b3c228]
Event: 6.514 Thread 0x0000000014ad1800 1702       3       com.android.dx.ssa.back.IdenticalBlockCombiner::replaceSucc (83 bytes)
Event: 6.515 Thread 0x0000000014ad1800 nmethod 1702 0x0000000002b3d190 code [0x0000000002b3d380, 0x0000000002b3e0b8]
Event: 6.593 Thread 0x0000000014ad1800 1704       3       com.android.dx.rop.code.Rop::<init> (15 bytes)
Event: 6.593 Thread 0x0000000014ad1800 nmethod 1704 0x0000000002b1fa50 code [0x0000000002b1fbc0, 0x0000000002b1fd68]

GC Heap History (8 events):
Event: 1.958 GC heap before
{Heap before GC invocations=1 (full 0):
 PSYoungGen      total 18432K, used 15872K [0x00000000eab00000, 0x00000000ebf80000, 0x0000000100000000)
  eden space 15872K, 100% used [0x00000000eab00000,0x00000000eba80000,0x00000000eba80000)
  from space 2560K, 0% used [0x00000000ebd00000,0x00000000ebd00000,0x00000000ebf80000)
  to   space 2560K, 0% used [0x00000000eba80000,0x00000000eba80000,0x00000000ebd00000)
 ParOldGen       total 42496K, used 0K [0x00000000c0000000, 0x00000000c2980000, 0x00000000eab00000)
  object space 42496K, 0% used [0x00000000c0000000,0x00000000c0000000,0x00000000c2980000)
 Metaspace       used 5468K, capacity 6768K, committed 7040K, reserved 1056768K
  class space    used 549K, capacity 616K, committed 640K, reserved 1048576K
Event: 1.967 GC heap after
Heap after GC invocations=1 (full 0):
 PSYoungGen      total 18432K, used 2551K [0x00000000eab00000, 0x00000000ebf80000, 0x0000000100000000)
  eden space 15872K, 0% used [0x00000000eab00000,0x00000000eab00000,0x00000000eba80000)
  from space 2560K, 99% used [0x00000000eba80000,0x00000000ebcfdc78,0x00000000ebd00000)
  to   space 2560K, 0% used [0x00000000ebd00000,0x00000000ebd00000,0x00000000ebf80000)
 ParOldGen       total 42496K, used 1590K [0x00000000c0000000, 0x00000000c2980000, 0x00000000eab00000)
  object space 42496K, 3% used [0x00000000c0000000,0x00000000c018da38,0x00000000c2980000)
 Metaspace       used 5468K, capacity 6768K, committed 7040K, reserved 1056768K
  class space    used 549K, capacity 616K, committed 640K, reserved 1048576K
}
Event: 3.793 GC heap before
{Heap before GC invocations=2 (full 0):
 PSYoungGen      total 18432K, used 18423K [0x00000000eab00000, 0x00000000ebf80000, 0x0000000100000000)
  eden space 15872K, 100% used [0x00000000eab00000,0x00000000eba80000,0x00000000eba80000)
  from space 2560K, 99% used [0x00000000eba80000,0x00000000ebcfdc78,0x00000000ebd00000)
  to   space 2560K, 0% used [0x00000000ebd00000,0x00000000ebd00000,0x00000000ebf80000)
 ParOldGen       total 42496K, used 1590K [0x00000000c0000000, 0x00000000c2980000, 0x00000000eab00000)
  object space 42496K, 3% used [0x00000000c0000000,0x00000000c018da38,0x00000000c2980000)
 Metaspace       used 5675K, capacity 6960K, committed 7040K, reserved 1056768K
  class space    used 550K, capacity 616K, committed 640K, reserved 1048576K
Event: 3.814 GC heap after
Heap after GC invocations=2 (full 0):
 PSYoungGen      total 18432K, used 2538K [0x00000000eab00000, 0x00000000ebf80000, 0x0000000100000000)
  eden space 15872K, 0% used [0x00000000eab00000,0x00000000eab00000,0x00000000eba80000)
  from space 2560K, 99% used [0x00000000ebd00000,0x00000000ebf7aab8,0x00000000ebf80000)
  to   space 2560K, 0% used [0x00000000eba80000,0x00000000eba80000,0x00000000ebd00000)
 ParOldGen       total 42496K, used 3847K [0x00000000c0000000, 0x00000000c2980000, 0x00000000eab00000)
  object space 42496K, 9% used [0x00000000c0000000,0x00000000c03c1d48,0x00000000c2980000)
 Metaspace       used 5675K, capacity 6960K, committed 7040K, reserved 1056768K
  class space    used 550K, capacity 616K, committed 640K, reserved 1048576K
}
Event: 4.336 GC heap before
{Heap before GC invocations=3 (full 0):
 PSYoungGen      total 18432K, used 18410K [0x00000000eab00000, 0x00000000ebf80000, 0x0000000100000000)
  eden space 15872K, 100% used [0x00000000eab00000,0x00000000eba80000,0x00000000eba80000)
  from space 2560K, 99% used [0x00000000ebd00000,0x00000000ebf7aab8,0x00000000ebf80000)
  to   space 2560K, 0% used [0x00000000eba80000,0x00000000eba80000,0x00000000ebd00000)
 ParOldGen       total 42496K, used 3847K [0x00000000c0000000, 0x00000000c2980000, 0x00000000eab00000)
  object space 42496K, 9% used [0x00000000c0000000,0x00000000c03c1d48,0x00000000c2980000)
 Metaspace       used 5752K, capacity 7024K, committed 7296K, reserved 1056768K
  class space    used 551K, capacity 616K, committed 640K, reserved 1048576K
Event: 4.399 GC heap after
Heap after GC invocations=3 (full 0):
 PSYoungGen      total 18432K, used 2544K [0x00000000eab00000, 0x00000000ecf00000, 0x0000000100000000)
  eden space 15872K, 0% used [0x00000000eab00000,0x00000000eab00000,0x00000000eba80000)
  from space 2560K, 99% used [0x00000000eba80000,0x00000000ebcfc020,0x00000000ebd00000)
  to   space 2560K, 0% used [0x00000000ecc80000,0x00000000ecc80000,0x00000000ecf00000)
 ParOldGen       total 42496K, used 6623K [0x00000000c0000000, 0x00000000c2980000, 0x00000000eab00000)
  object space 42496K, 15% used [0x00000000c0000000,0x00000000c0677e78,0x00000000c2980000)
 Metaspace       used 5752K, capacity 7024K, committed 7296K, reserved 1056768K
  class space    used 551K, capacity 616K, committed 640K, reserved 1048576K
}
Event: 5.688 GC heap before
{Heap before GC invocations=4 (full 0):
 PSYoungGen      total 18432K, used 18416K [0x00000000eab00000, 0x00000000ecf00000, 0x0000000100000000)
  eden space 15872K, 100% used [0x00000000eab00000,0x00000000eba80000,0x00000000eba80000)
  from space 2560K, 99% used [0x00000000eba80000,0x00000000ebcfc020,0x00000000ebd00000)
  to   space 2560K, 0% used [0x00000000ecc80000,0x00000000ecc80000,0x00000000ecf00000)
 ParOldGen       total 42496K, used 6623K [0x00000000c0000000, 0x00000000c2980000, 0x00000000eab00000)
  object space 42496K, 15% used [0x00000000c0000000,0x00000000c0677e78,0x00000000c2980000)
 Metaspace       used 5805K, capacity 7024K, committed 7296K, reserved 1056768K
  class space    used 552K, capacity 616K, committed 640K, reserved 1048576K
Event: 5.812 GC heap after
Heap after GC invocations=4 (full 0):
 PSYoungGen      total 34304K, used 2544K [0x00000000eab00000, 0x00000000ecf00000, 0x0000000100000000)
  eden space 31744K, 0% used [0x00000000eab00000,0x00000000eab00000,0x00000000eca00000)
  from space 2560K, 99% used [0x00000000ecc80000,0x00000000ecefc010,0x00000000ecf00000)
  to   space 2560K, 0% used [0x00000000eca00000,0x00000000eca00000,0x00000000ecc80000)
 ParOldGen       total 42496K, used 9315K [0x00000000c0000000, 0x00000000c2980000, 0x00000000eab00000)
  object space 42496K, 21% used [0x00000000c0000000,0x00000000c0918ed8,0x00000000c2980000)
 Metaspace       used 5805K, capacity 7024K, committed 7296K, reserved 1056768K
  class space    used 552K, capacity 616K, committed 640K, reserved 1048576K
}

Deoptimization events (10 events):
Event: 5.508 Thread 0x0000000002300800 Uncommon trap: reason=unreached action=reinterpret pc=0x000000000278d45c method=com.android.dx.rop.cst.Constant.compareTo(Lcom/android/dx/rop/cst/Constant;)I @ 12
Event: 6.264 Thread 0x0000000002300800 Uncommon trap: reason=class_check action=maybe_recompile pc=0x0000000002969924 method=com.android.dx.rop.code.RegisterSpec.withSimpleType()Lcom/android/dx/rop/code/RegisterSpec; @ 21
Event: 6.264 Thread 0x0000000002300800 Uncommon trap: reason=class_check action=maybe_recompile pc=0x0000000002969924 method=com.android.dx.rop.code.RegisterSpec.withSimpleType()Lcom/android/dx/rop/code/RegisterSpec; @ 21
Event: 6.360 Thread 0x0000000002300800 Uncommon trap: reason=class_check action=maybe_recompile pc=0x0000000002969924 method=com.android.dx.rop.code.RegisterSpec.withSimpleType()Lcom/android/dx/rop/code/RegisterSpec; @ 21
Event: 6.360 Thread 0x0000000002300800 Uncommon trap: reason=class_check action=maybe_recompile pc=0x0000000002969924 method=com.android.dx.rop.code.RegisterSpec.withSimpleType()Lcom/android/dx/rop/code/RegisterSpec; @ 21
Event: 6.415 Thread 0x0000000002300800 Uncommon trap: reason=unreached action=reinterpret pc=0x0000000002a7f184 method=com.android.dx.rop.code.LocalVariableExtractor.processBlock(I)V @ 195
Event: 6.434 Thread 0x0000000002300800 Uncommon trap: reason=class_check action=maybe_recompile pc=0x0000000002af9e08 method=com.android.dx.cf.code.BytecodeArray.parseInstruction(ILcom/android/dx/cf/code/BytecodeArray$Visitor;)I @ 2002
Event: 6.438 Thread 0x0000000002300800 Uncommon trap: reason=bimorphic action=maybe_recompile pc=0x0000000002af84b0 method=com.android.dx.cf.code.BytecodeArray.parseInstruction(ILcom/android/dx/cf/code/BytecodeArray$Visitor;)I @ 2135
Event: 6.438 Thread 0x0000000002300800 Uncommon trap: reason=class_check action=maybe_recompile pc=0x0000000002af9e08 method=com.android.dx.cf.code.BytecodeArray.parseInstruction(ILcom/android/dx/cf/code/BytecodeArray$Visitor;)I @ 2002
Event: 6.439 Thread 0x0000000002300800 Uncommon trap: reason=bimorphic action=maybe_recompile pc=0x0000000002af84b0 method=com.android.dx.cf.code.BytecodeArray.parseInstruction(ILcom/android/dx/cf/code/BytecodeArray$Visitor;)I @ 2135

Internal exceptions (10 events):
Event: 1.650 Thread 0x0000000002300800 Exception <a 'java/security/PrivilegedActionException'> (0x00000000eb75f7a0) thrown at [D:\re\workspace\8-2-build-windows-amd64-cygwin\jdk8u20\1074\hotspot\src\share\vm\prims\jvm.cpp, line 1275]
Event: 1.835 Thread 0x0000000002300800 Exception <a 'java/security/PrivilegedActionException'> (0x00000000eb92eac8) thrown at [D:\re\workspace\8-2-build-windows-amd64-cygwin\jdk8u20\1074\hotspot\src\share\vm\prims\jvm.cpp, line 1275]
Event: 1.836 Thread 0x0000000002300800 Exception <a 'java/security/PrivilegedActionException'> (0x00000000eb930e38) thrown at [D:\re\workspace\8-2-build-windows-amd64-cygwin\jdk8u20\1074\hotspot\src\share\vm\prims\jvm.cpp, line 1275]
Event: 1.837 Thread 0x0000000002300800 Exception <a 'java/security/PrivilegedActionException'> (0x00000000eb93af88) thrown at [D:\re\workspace\8-2-build-windows-amd64-cygwin\jdk8u20\1074\hotspot\src\share\vm\prims\jvm.cpp, line 1275]
Event: 1.838 Thread 0x0000000002300800 Exception <a 'java/security/PrivilegedActionException'> (0x00000000eb93d540) thrown at [D:\re\workspace\8-2-build-windows-amd64-cygwin\jdk8u20\1074\hotspot\src\share\vm\prims\jvm.cpp, line 1275]
Event: 2.458 Thread 0x0000000002300800 Exception <a 'java/security/PrivilegedActionException'> (0x00000000eb1a57d0) thrown at [D:\re\workspace\8-2-build-windows-amd64-cygwin\jdk8u20\1074\hotspot\src\share\vm\prims\jvm.cpp, line 1275]
Event: 4.188 Thread 0x0000000002300800 Exception <a 'java/security/PrivilegedActionException'> (0x00000000eb4e7050) thrown at [D:\re\workspace\8-2-build-windows-amd64-cygwin\jdk8u20\1074\hotspot\src\share\vm\prims\jvm.cpp, line 1275]
Event: 4.317 Thread 0x0000000002300800 Implicit null exception at 0x00000000029322e8 to 0x000000000293398d
Event: 5.051 Thread 0x0000000002300800 Exception <a 'java/security/PrivilegedActionException'> (0x00000000eafb3020) thrown at [D:\re\workspace\8-2-build-windows-amd64-cygwin\jdk8u20\1074\hotspot\src\share\vm\prims\jvm.cpp, line 1275]
Event: 5.454 Thread 0x0000000002300800 Exception <a 'java/security/PrivilegedActionException'> (0x00000000eb7238a8) thrown at [D:\re\workspace\8-2-build-windows-amd64-cygwin\jdk8u20\1074\hotspot\src\share\vm\prims\jvm.cpp, line 1275]

Events (10 events):
Event: 6.434 Thread 0x0000000002300800 DEOPT UNPACKING pc=0x000000000244556a sp=0x000000000201e448 mode 2
Event: 6.438 Thread 0x0000000002300800 Uncommon trap: trap_request=0xffffffc6 fr.pc=0x0000000002af84b0
Event: 6.438 Thread 0x0000000002300800 DEOPT PACKING pc=0x0000000002af84b0 sp=0x000000000201e320
Event: 6.438 Thread 0x0000000002300800 DEOPT UNPACKING pc=0x000000000244556a sp=0x000000000201e2e0 mode 2
Event: 6.438 Thread 0x0000000002300800 Uncommon trap: trap_request=0xffffffde fr.pc=0x0000000002af9e08
Event: 6.438 Thread 0x0000000002300800 DEOPT PACKING pc=0x0000000002af9e08 sp=0x000000000201e4a0
Event: 6.438 Thread 0x0000000002300800 DEOPT UNPACKING pc=0x000000000244556a sp=0x000000000201e448 mode 2
Event: 6.439 Thread 0x0000000002300800 Uncommon trap: trap_request=0xffffffc6 fr.pc=0x0000000002af84b0
Event: 6.439 Thread 0x0000000002300800 DEOPT PACKING pc=0x0000000002af84b0 sp=0x000000000201e180
Event: 6.439 Thread 0x0000000002300800 DEOPT UNPACKING pc=0x000000000244556a sp=0x000000000201e140 mode 2


Dynamic libraries:
0x000007f634fc0000 - 0x000007f634ff4000 	C:\Program Files\Java\jdk1.8.0_20\bin\java.exe
0x000007f808140000 - 0x000007f8082fd000 	C:\Windows\SYSTEM32\ntdll.dll
0x000007f807930000 - 0x000007f807a67000 	C:\Windows\system32\KERNEL32.DLL
0x000007f805410000 - 0x000007f805504000 	C:\Windows\system32\KERNELBASE.dll
0x000007f8073f0000 - 0x000007f8074ce000 	C:\Windows\system32\ADVAPI32.dll
0x000007f807c20000 - 0x000007f807d6c000 	C:\Windows\system32\USER32.dll
0x000007f802d60000 - 0x000007f802fca000 	C:\Windows\WinSxS\amd64_microsoft.windows.common-controls_6595b64144ccf1df_6.0.9200.17359_none_4188b989718cf1c6\COMCTL32.dll
0x000007f805a40000 - 0x000007f805ae5000 	C:\Windows\system32\msvcrt.dll
0x000007f8078e0000 - 0x000007f807928000 	C:\Windows\SYSTEM32\sechost.dll
0x000007f807f30000 - 0x000007f808075000 	C:\Windows\system32\RPCRT4.dll
0x000007f807a70000 - 0x000007f807bb1000 	C:\Windows\system32\GDI32.dll
0x000007f8056c0000 - 0x000007f8056f9000 	C:\Windows\system32\IMM32.DLL
0x000007f805920000 - 0x000007f805a35000 	C:\Windows\system32\MSCTF.dll
0x00000000585e0000 - 0x00000000586b2000 	C:\Program Files\Java\jdk1.8.0_20\jre\bin\msvcr100.dll
0x0000000058b40000 - 0x0000000059398000 	C:\Program Files\Java\jdk1.8.0_20\jre\bin\server\jvm.dll
0x000007fffdc70000 - 0x000007fffdc79000 	C:\Windows\SYSTEM32\WSOCK32.dll
0x000007f8013c0000 - 0x000007f8013e0000 	C:\Windows\SYSTEM32\WINMM.dll
0x000007f807670000 - 0x000007f807677000 	C:\Windows\system32\PSAPI.DLL
0x000007f805af0000 - 0x000007f805b48000 	C:\Windows\system32\WS2_32.dll
0x000007f8010f0000 - 0x000007f801123000 	C:\Windows\SYSTEM32\WINMMBASE.dll
0x000007f807850000 - 0x000007f807859000 	C:\Windows\system32\NSI.dll
0x000007f8053c0000 - 0x000007f80540f000 	C:\Windows\SYSTEM32\cfgmgr32.dll
0x000007f805260000 - 0x000007f805282000 	C:\Windows\system32\DEVOBJ.dll
0x0000000058a50000 - 0x0000000058a5f000 	C:\Program Files\Java\jdk1.8.0_20\jre\bin\verify.dll
0x0000000058a20000 - 0x0000000058a48000 	C:\Program Files\Java\jdk1.8.0_20\jre\bin\java.dll
0x0000000058a00000 - 0x0000000058a16000 	C:\Program Files\Java\jdk1.8.0_20\jre\bin\zip.dll
0x000007f805e70000 - 0x000007f807155000 	C:\Windows\system32\SHELL32.dll
0x000007f805510000 - 0x000007f8056c0000 	C:\Windows\SYSTEM32\combase.dll
0x000007f807ee0000 - 0x000007f807f30000 	C:\Windows\system32\SHLWAPI.dll
0x000007f803710000 - 0x000007f8037a6000 	C:\Windows\SYSTEM32\SHCORE.dll
0x000007f805040000 - 0x000007f805055000 	C:\Windows\system32\profapi.dll

VM Arguments:
jvm_args: -Xmx1024M -Dfile.encoding=windows-1252 -Duser.country=GB -Duser.language=en -Duser.variant 
java_command: com.android.dx.command.Main --dex --output C:\healthok\app\healthok\app\build\intermediates\pre-dexed\debug\gson-2.2.4-d47af0ce8fd49b8b1a0093d6596a1d764fa38387.jar C:\healthok\app\healthok\app\libs\gson-2.2.4.jar
java_class_path (initial): C:\Users\Raghuveer\AppData\Local\Android\sdk\build-tools\22.0.1\lib\dx.jar
Launcher Type: SUN_STANDARD

Environment Variables:
PATH=C:\ProgramData\Oracle\Java\javapath;C:\Windows\system32;C:\Windows;C:\Windows\System32\Wbem;C:\Windows\System32\WindowsPowerShell\v1.0\;C:\Program Files (x86)\Common Files\lenovo\easyplussdk\bin;C:\Program Files (x86)\GtkSharp\2.12\bin
USERNAME=Raghuveer
OS=Windows_NT
PROCESSOR_IDENTIFIER=Intel64 Family 6 Model 37 Stepping 5, GenuineIntel



---------------  S Y S T E M  ---------------

OS: Windows 8 , 64 bit Build 9200 

CPU:total 4 (2 cores per cpu, 2 threads per core) family 6 model 37 stepping 5, cmov, cx8, fxsr, mmx, sse, sse2, sse3, ssse3, sse4.1, sse4.2, popcnt, ht, tsc, tscinvbit

Memory: 4k page, physical 3987304k(680568k free), swap 3987304k(4932k free)

vm_info: Java HotSpot(TM) 64-Bit Server VM (25.20-b23) for windows-amd64 JRE (1.8.0_20-b26), built on Jul 30 2014 13:51:23 by "java_re" with MS VC++ 10.0 (VS2010)

time: Sat Mar 05 15:37:36 2016
elapsed time: 6 seconds (0d 0h 0m 6s)

