JvmtiExport can_access_local_variables 0
JvmtiExport can_hotswap_or_post_breakpoint 0
JvmtiExport can_post_on_exceptions 0
# 324 ciObject found
ciMethod java/lang/Object <init> ()V 4097 1 561575 0 0
ciMethod java/lang/Object equals (Ljava/lang/Object;)Z 2057 1 5450 0 -1
ciMethod java/lang/System arraycopy (Ljava/lang/Object;ILjava/lang/Object;II)V 5121 1 640 0 -1
ciMethod java/util/Collection iterator ()Ljava/util/Iterator; 0 0 1 0 -1
ciMethod java/util/List iterator ()Ljava/util/Iterator; 0 0 1 0 -1
ciMethod java/util/AbstractList <init> ()V 257 1 64250 0 32
ciMethod java/util/AbstractCollection <init> ()V 249 1 81293 0 0
ciMethod java/util/Collections unmodifiableList (Ljava/util/List;)Ljava/util/List; 4097 1 10875 0 0
ciMethod java/util/Iterator hasNext ()Z 0 0 1 0 -1
ciMethod java/util/Iterator next ()Ljava/lang/Object; 0 0 1 0 -1
ciMethod java/util/ArrayList <init> ()V 105 1 42377 0 64
ciMethod java/util/ArrayList size ()I 1065 1 133 0 0
ciMethod java/util/ArrayList isEmpty ()Z 4041 1 130440 0 64
ciMethod java/util/ArrayList elementData (I)Ljava/lang/Object; 1913 1 555411 0 0
ciMethod java/util/ArrayList get (I)Ljava/lang/Object; 1913 1 544087 0 128
ciMethod java/util/ArrayList add (Ljava/lang/Object;)Z 641 1 156712 0 -1
ciMethod java/util/ArrayList remove (I)Ljava/lang/Object; 4097 1 5675 0 352
ciMethod java/util/ArrayList rangeCheck (I)V 1913 1 555164 0 64
ciMethod java/util/ArrayList iterator ()Ljava/util/Iterator; 3113 1 87292 0 192
ciMethod java/util/ArrayList access$100 (Ljava/util/ArrayList;)I 1073 1 134 0 0
ciMethod java/util/Collections$UnmodifiableRandomAccessList <init> (Ljava/util/List;)V 4097 1 10875 0 0
ciMethod java/util/Collections$UnmodifiableList <init> (Ljava/util/List;)V 4097 1 10875 0 0
ciMethod java/util/Collections$UnmodifiableCollection <init> (Ljava/util/Collection;)V 4097 1 11465 0 96
ciMethod java/util/Collections$UnmodifiableCollection iterator ()Ljava/util/Iterator; 2073 1 5631 0 640
ciMethod java/util/HashMap get (Ljava/lang/Object;)Ljava/lang/Object; 2057 1 43396 0 -1
ciMethod java/util/HashMap put (Ljava/lang/Object;Ljava/lang/Object;)Ljava/lang/Object; 2049 1 17168 0 -1
ciMethodData java/lang/Object <init> ()V 2 561575 orig 264 184 126 51 111 0 0 0 0 136 4 214 20 0 0 0 0 32 1 0 0 0 0 0 0 0 0 0 0 0 0 0 0 0 0 0 0 0 0 0 0 0 0 0 0 0 0 0 0 0 0 0 0 0 0 0 0 0 0 0 0 0 0 0 0 0 0 0 0 0 0 0 0 0 0 0 0 0 0 0 0 77 68 79 32 101 120 116 114 97 32 100 97 116 97 32 108 111 99 107 0 0 0 0 0 0 0 0 0 0 0 0 0 0 0 0 0 0 0 0 0 0 0 0 0 0 0 0 0 0 0 0 0 0 0 0 0 0 0 0 0 0 0 0 0 0 0 0 0 0 0 0 0 0 0 0 0 0 0 0 0 0 0 0 0 0 0 0 0 0 0 0 0 0 0 0 0 0 0 0 0 0 0 0 0 1 0 0 0 0 0 0 0 1 0 0 0 0 0 0 0 1 0 0 0 0 0 0 0 0 0 0 0 0 0 0 0 0 2 0 0 57 125 68 0 1 0 0 0 0 0 0 0 0 0 0 0 2 0 0 0 0 0 3 0 3 0 0 0 0 0 0 0 255 255 255 255 0 0 0 0 0 0 0 0 data 0 oops 0
ciMethod java/util/BitSet wordIndex (I)I 2065 1 41898 0 0
ciMethod java/util/BitSet checkInvariants ()V 2049 1 5626 0 32
ciMethod java/util/BitSet set (I)V 1305 1 5284 0 -1
ciMethod java/util/BitSet get (I)Z 1585 1 5349 0 160
ciMethodData java/util/ArrayList get (I)Ljava/lang/Object; 2 544087 orig 264 184 126 51 111 0 0 0 0 64 2 228 20 0 0 0 0 144 1 0 0 0 0 0 0 0 0 0 0 0 0 0 0 0 0 0 0 0 0 0 0 0 0 0 0 0 0 0 0 0 0 0 0 0 0 0 0 0 0 0 0 0 0 0 0 0 0 0 0 0 0 0 0 0 0 0 0 0 0 0 0 77 68 79 32 101 120 116 114 97 32 100 97 116 97 32 108 111 99 107 0 0 0 0 0 0 0 0 0 0 0 0 0 0 0 0 0 0 0 0 0 0 0 0 0 0 0 0 0 0 0 0 0 0 0 0 0 0 0 0 0 0 0 0 0 0 0 0 0 0 0 0 0 0 0 0 0 0 0 0 0 0 0 0 0 0 0 0 0 0 0 0 0 0 0 0 0 0 0 0 0 0 0 0 0 0 0 0 0 0 0 0 0 0 0 0 0 0 0 0 0 0 0 0 0 0 0 0 0 0 0 0 0 0 0 0 0 239 0 0 0 65 99 66 0 1 0 0 0 0 0 0 0 0 0 0 0 2 0 0 0 0 0 6 0 4 0 1 0 64 0 0 0 255 255 255 255 2 0 2 0 0 0 0 0 data 8 0x20002 0x84c68 0x70005 0x0 0x18049c80 0x84c68 0x0 0x0 oops 1