#
# There is insufficient memory for the Java Runtime Environment to continue.
# Native memory allocation (malloc) failed to allocate 3008 bytes for AllocateHeap
# Possible reasons:
#   The system is out of physical RAM or swap space
#   In 32 bit mode, the process size limit was hit
# Possible solutions:
#   Reduce memory load on the system
#   Increase physical memory or swap space
#   Check if swap backing store is full
#   Use 64 bit Java on a 64 bit OS
#   Decrease Java heap size (-Xmx/-Xms)
#   Decrease number of Java threads
#   Decrease Java thread stack sizes (-Xss)
#   Set larger code cache with -XX:ReservedCodeCacheSize=
# This output file may be truncated or incomplete.
#
#  Out of Memory Error (memory/allocation.inline.hpp:61), pid=29152, tid=28860
#
# JRE version: Java(TM) SE Runtime Environment (8.0_60-b27) (build 1.8.0_60-b27)
# Java VM: Java HotSpot(TM) 64-Bit Server VM (25.60-b23 mixed mode windows-amd64 compressed oops)
# Failed to write core dump. Minidumps are not enabled by default on client versions of Windows
#

---------------  T H R E A D  ---------------

Current thread (0x0000000002400800):  JavaThread "main" [_thread_in_vm, id=28860, stack(0x0000000002280000,0x0000000002380000)]

Stack: [0x0000000002280000,0x0000000002380000]
[error occurred during error reporting (printing stack bounds), id 0xc0000005]

Native frames: (J=compiled Java code, j=interpreted, Vv=VM code, C=native code)


---------------  P R O C E S S  ---------------

Java Threads: ( => current thread )
  0x0000000014bf9800 JavaThread "C1 CompilerThread2" daemon [_thread_blocked, id=28404, stack(0x0000000016560000,0x0000000016660000)]
  0x0000000014bef000 JavaThread "C2 CompilerThread1" daemon [_thread_blocked, id=27796, stack(0x0000000016460000,0x0000000016560000)]
  0x0000000014bd8000 JavaThread "C2 CompilerThread0" daemon [_thread_in_vm, id=27820, stack(0x0000000016360000,0x0000000016460000)]
  0x0000000014bd6800 JavaThread "Attach Listener" daemon [_thread_blocked, id=28460, stack(0x0000000016260000,0x0000000016360000)]
  0x0000000014bd5800 JavaThread "Signal Dispatcher" daemon [_thread_blocked, id=27360, stack(0x0000000016160000,0x0000000016260000)]
  0x00000000024f0800 JavaThread "Finalizer" daemon [_thread_blocked, id=28396, stack(0x0000000015e20000,0x0000000015f20000)]
  0x00000000024ed000 JavaThread "Reference Handler" daemon [_thread_blocked, id=27832, stack(0x0000000015d20000,0x0000000015e20000)]
=>0x0000000002400800 JavaThread "main" [_thread_in_vm, id=28860, stack(0x0000000002280000,0x0000000002380000)]

Other Threads:
  0x0000000014b97800 VMThread [stack: 0x0000000015c20000,0x0000000015d20000] [id=27916]

VM state:not at safepoint (normal execution)

VM Mutex/Monitor currently owned by a thread:  ([mutex/lock_event])
[0x000000000238cb20] Threads_lock - owner thread: 0x0000000002400800

Heap:
 PSYoungGen      total 18944K, used 655K [0x00000000eab00000, 0x00000000ec000000, 0x0000000100000000)
  eden space 16384K, 4% used [0x00000000eab00000,0x00000000eaba3e30,0x00000000ebb00000)
  from space 2560K, 0% used [0x00000000ebd80000,0x00000000ebd80000,0x00000000ec000000)
  to   space 2560K, 0% used [0x00000000ebb00000,0x00000000ebb00000,0x00000000ebd80000)
 ParOldGen       total 44032K, used 0K [0x00000000c0000000, 0x00000000c2b00000, 0x00000000eab00000)
  object space 44032K, 0% used [0x00000000c0000000,0x00000000c0000000,0x00000000c2b00000)
 Metaspace       used 2130K, capacity 4480K, committed 4480K, reserved 1056768K
  class space    used 233K, capacity 384K, committed 384K, reserved 1048576K

Card table byte_map: [0x00000000118c0000,0x0000000011ad0000] byte_map_base: 0x00000000112c0000

Marking Bits: (ParMarkBitMap*) 0x000000006692a5b0
 Begin Bits: [0x0000000012030000, 0x0000000013030000)
 End Bits:   [0x0000000013030000, 0x0000000014030000)

Polling page: 0x00000000009e0000

CodeCache: size=245760Kb used=1055Kb max_used=1055Kb free=244704Kb
 bounds [0x0000000002500000, 0x0000000002770000, 0x0000000011500000]
 total_blobs=208 nmethods=1 adapters=135
 compilation: enabled

Compilation events (2 events):
Event: 0.670 Thread 0x0000000014bf9800    1       3       java.lang.String::hashCode (55 bytes)
Event: 0.671 Thread 0x0000000014bf9800 nmethod 1 0x0000000002607990 code [0x0000000002607b00, 0x0000000002607d90]

GC Heap History (0 events):
No events

Deoptimization events (0 events):
No events

Internal exceptions (2 events):
Event: 0.563 Thread 0x0000000002400800 Exception <a 'java/lang/NoSuchMethodError': Method sun.misc.Unsafe.defineClass(Ljava/lang/String;[BII)Ljava/lang/Class; name or signature does not match> (0x00000000eab0d6f8) thrown at [C:\re\workspace\8-2-build-windows-amd64-cygwin\jdk8u60\4407\hotspot\srê´ÌÑY‚?
Event: 0.563 Thread 0x0000000002400800 Exception <a 'java/lang/NoSuchMethodError': Method sun.misc.Unsafe.prefetchRead(Ljava/lang/Object;J)V name or signature does not match> (0x00000000eab0d9e0) thrown at [C:\re\workspace\8-2-build-windows-amd64-cygwin\jdk8u60\4407\hotspot\src\share\vm\prims\j

Events (10 events):
Event: 0.669 loading class java/lang/ClassValue$Identity
Event: 0.669 loading class java/lang/ClassValue$Identity done
Event: 0.669 loading class java/lang/ClassValue$Version
Event: 0.669 loading class java/lang/ClassValue$Version done
Event: 0.669 loading class java/lang/invoke/MemberName$Factory
Event: 0.669 loading class java/lang/invoke/MemberName$Factory done
Event: 0.670 loading class java/lang/invoke/MethodHandleStatics
Event: 0.670 loading class java/lang/invoke/MethodHandleStatics done
Event: 0.670 loading class java/lang/invoke/MethodHandleStatics$1
Event: 0.670 loading class java/lang/invoke/MethodHandleStatics$1 done


Dynamic libraries:
0x00007ff65df10000 - 0x00007ff65df47000 	C:\Program Files\Java\jdk1.8.0_60\bin\java.exe
0x00007ffedca80000 - 0x00007ffedcc2c000 	C:\Windows\SYSTEM32\ntdll.dll
0x00007ffeda310000 - 0x00007ffeda44e000 	C:\Windows\system32\KERNEL32.DLL
0x00007ffed9e80000 - 0x00007ffed9f95000 	C:\Windows\system32\KERNELBASE.dll
0x00007ffed8770000 - 0x00007ffed87fe000 	C:\Windows\system32\apphelp.dll
0x00007ffeca470000 - 0x00007ffeca4c3000 	C:\Windows\AppPatch\AppPatch64\AcGenral.DLL
0x00007ffedaa30000 - 0x00007ffedaada000 	C:\Windows\system32\msvcrt.dll
0x00007ffed99a0000 - 0x00007ffed99ce000 	C:\Windows\SYSTEM32\SspiCli.dll
0x00007ffeda600000 - 0x00007ffeda654000 	C:\Windows\system32\SHLWAPI.dll
0x00007ffeda8a0000 - 0x00007ffedaa17000 	C:\Windows\system32\USER32.dll
0x00007ffeda170000 - 0x00007ffeda304000 	C:\Windows\system32\ole32.dll
0x00007ffedb200000 - 0x00007ffedc72b000 	C:\Windows\system32\SHELL32.dll
0x00007ffed9170000 - 0x00007ffed9191000 	C:\Windows\SYSTEM32\USERENV.dll
0x00007ffedb140000 - 0x00007ffedb1ea000 	C:\Windows\system32\ADVAPI32.dll
0x00007ffeceeb0000 - 0x00007ffeceece000 	C:\Windows\SYSTEM32\MPR.dll
0x00007ffeda450000 - 0x00007ffeda591000 	C:\Windows\system32\RPCRT4.dll
0x00007ffeda5a0000 - 0x00007ffeda5f9000 	C:\Windows\SYSTEM32\sechost.dll
0x00007ffedaf20000 - 0x00007ffedb131000 	C:\Windows\SYSTEM32\combase.dll
0x00007ffedace0000 - 0x00007ffedae2f000 	C:\Windows\system32\GDI32.dll
0x00007ffed9bd0000 - 0x00007ffed9be5000 	C:\Windows\SYSTEM32\profapi.dll
0x00007ffed8140000 - 0x00007ffed81f2000 	C:\Windows\SYSTEM32\SHCORE.dll
0x00007ffedac40000 - 0x00007ffedac76000 	C:\Windows\system32\IMM32.DLL
0x00007ffedaae0000 - 0x00007ffedac32000 	C:\Windows\system32\MSCTF.dll
0x00007ffed6c80000 - 0x00007ffed6efb000 	C:\Windows\WinSxS\amd64_microsoft.windows.common-controls_6595b64144ccf1df_6.0.9600.18006_none_623f33d3ecbe86e8\COMCTL32.dll
0x00000000658d0000 - 0x00000000659a2000 	C:\Program Files\Java\jdk1.8.0_60\jre\bin\msvcr100.dll
0x0000000066120000 - 0x00000000669a9000 	C:\Program Files\Java\jdk1.8.0_60\jre\bin\server\jvm.dll
0x00007ffed0470000 - 0x00007ffed0479000 	C:\Windows\SYSTEM32\WSOCK32.dll
0x00007ffecfed0000 - 0x00007ffecfef2000 	C:\Windows\SYSTEM32\WINMM.dll
0x00007ffed3240000 - 0x00007ffed324a000 	C:\Windows\SYSTEM32\VERSION.dll
0x00007ffedaa20000 - 0x00007ffedaa27000 	C:\Windows\system32\PSAPI.DLL
0x00007ffedac80000 - 0x00007ffedacda000 	C:\Windows\system32\WS2_32.dll
0x00007ffecfea0000 - 0x00007ffecfeca000 	C:\Windows\SYSTEM32\WINMMBASE.dll
0x00007ffedb1f0000 - 0x00007ffedb1f9000 	C:\Windows\system32\NSI.dll
0x00007ffeda050000 - 0x00007ffeda09f000 	C:\Windows\SYSTEM32\cfgmgr32.dll
0x00007ffed89d0000 - 0x00007ffed89f8000 	C:\Windows\SYSTEM32\DEVOBJ.dll
0x0000000066110000 - 0x000000006611f000 	C:\Program Files\Java\jdk1.8.0_60\jre\bin\verify.dll
0x00000000660e0000 - 0x0000000066109000 	C:\Program Files\Java\jdk1.8.0_60\jre\bin\java.dll
0x00000000660c0000 - 0x00000000660d6000 	C:\Program Files\Java\jdk1.8.0_60\jre\bin\zip.dll

VM Arguments:
jvm_args: -Djava.awt.headless=true -Xmx1024M -Dfile.encoding=windows-1252 -Duser.country=US -Duser.language=en -Duser.variant 
java_command: com.android.dx.command.Main --dex --num-threads=4 --output C:\healthok\app\Website_Builder\app\build\intermediates\pre-dexed\debug\internal_impl-23.2.0_d27fed0f76ea23865e037bdfb6b70360bcd60407.jar C:\healthok\app\Website_Builder\app\build\intermediates\exploded-aar\com.android.support\support-v4\23.2.0\jars\libs\internal_impl-23.2.0.jar
java_class_path (initial): C:\Users\Ashu\AppData\Local\Android\sdk1\build-tools\23.0.2\lib\dx.jar
Launcher Type: SUN_STANDARD

Environment Variables:
JAVA_HOME=C:\Program Files\Java\jdk1.8.0_60
PATH=C:\ProgramData\Oracle\Java\javapath;C:\Windows\system32;C:\Windows;C:\Windows\System32\Wbem;C:\Windows\System32\WindowsPowerShell\v1.0\;C:\Program Files (x86)\Common Files\lenovo\easyplussdk\bin;C:\Program Files\Java\jdk1.8.0_60\bin;D:\study\Android\android-sdk-windows\android-sdk-windows\platform-tools;D:\study\Android\android-sdk-windows\android-sdk-windows\tools;C:\Users\Ashu\Downloads\apache-ant-1.9.6-bin\apache-ant-1.9.6\bin;C:\Users\Ashu\AppData\Roaming\npm;C:\adb;C:\Program Files\nodejs\;C:\Program Files\Java\jdk1.8.0_60\bin;D:\study\Android\android-sdk-windows\android-sdk-windows\platform-tools;D:\study\Android\android-sdk-windows\android-sdk-windows\tools;C:\Users\Ashu\Downloads\apache-ant-1.9.6-bin\apache-ant-1.9.6\bin;C:\Program Files\nodejs;C:\Users\Ashu\AppData\Roaming\npm
USERNAME=Ashu
OS=Windows_NT
PROCESSOR_IDENTIFIER=Intel64 Family 6 Model 58 Stepping 9, GenuineIntel



---------------  S Y S T E M  ---------------

OS: Windows 8.1 , 64 bit Build 9600 (6.3.9600.17415)

CPU:total 4 (2 cores per cpu, 2 threads per core) family 6 model 58 stepping 9, cmov, cx8, fxsr, mmx, sse, sse2, sse3, ssse3, sse4.1, sse4.2, popcnt, avx, clmul, erms, ht, tsc, tscinvbit, tscinv

Memory: 4k page, physical 4066664k(328080k free), swap 7212392k(4976k free)

vm_info: Java HotSpot(TM) 64-Bit Server VM (25.60-b23) for windows-amd64 JRE (1.8.0_60-b27), built on Aug  4 2015 11:06:27 by "java_re" with MS VC++ 10.0 (VS2010)

time: Sat Mar 12 15:09:01 2016
elapsed time: 0 seconds (0d 0h 0m 0s)

